19:36:55 INFO  : Launching XSCT server: xsct.bat -n  -interactive E:\NekrasovVladiimir\CNN_project_start\vitis\temp_xsdb_launch_script.tcl
19:36:55 INFO  : Registering command handlers for Vitis TCF services
19:36:59 INFO  : Platform repository initialization has completed.
19:36:59 INFO  : XSCT server has started successfully.
19:37:00 INFO  : plnx-install-location is set to ''
19:37:00 INFO  : Successfully done setting XSCT server connection channel  
19:37:00 INFO  : Successfully done query RDI_DATADIR 
19:37:00 INFO  : Successfully done setting workspace for the tool. 
19:38:20 INFO  : Result from executing command 'getProjects': Top_YOLOv3_Tiny_Project
19:38:21 INFO  : Result from executing command 'getPlatforms': 
19:38:21 WARN  : An unexpected exception occurred in the module 'platform project logging'
19:38:21 INFO  : Platform 'Top_YOLOv3_Tiny_Project' is added to custom repositories.
19:38:33 INFO  : Platform 'Top_YOLOv3_Tiny_Project' is added to custom repositories.
19:40:38 INFO  : Result from executing command 'getProjects': Top_YOLOv3_Tiny_Project
19:40:39 INFO  : Result from executing command 'getPlatforms': Top_YOLOv3_Tiny_Project|E:/NekrasovVladiimir/CNN_project_start/vitis/Top_YOLOv3_Tiny_Project/export/Top_YOLOv3_Tiny_Project/Top_YOLOv3_Tiny_Project.xpfm
19:40:40 INFO  : Checking for BSP changes to sync application flags for project 'my_project'...
19:41:01 INFO  : Connected to target on host '127.0.0.1' and port '3121'.
19:41:02 INFO  : Jtag cable 'Digilent JTAG-HS1 210512180081' is selected.
19:41:02 INFO  : 'jtag frequency' command is executed.
19:41:02 INFO  : Sourcing of 'E:/Xilinx/Vitis/2020.2/scripts/vitis/util/zynqmp_utils.tcl' is done.
19:41:02 INFO  : Context for 'APU' is selected.
19:41:03 INFO  : System reset is completed.
19:41:06 INFO  : 'after 3000' command is executed.
19:41:06 INFO  : 'targets -set -filter {jtag_cable_name =~ "Digilent JTAG-HS1 210512180081" && level==0 && jtag_device_ctx=="jsn-JTAG-HS1-210512180081-14711093-0"}' command is executed.
19:41:08 INFO  : Device configured successfully with "E:/NekrasovVladiimir/CNN_project_start/vitis/my_project/_ide/bitstream/Top_YOLOv3_Tiny_Project.bit"
19:41:09 INFO  : Context for 'APU' is selected.
19:41:09 INFO  : Hardware design and registers information is loaded from 'E:/NekrasovVladiimir/CNN_project_start/vitis/Top_YOLOv3_Tiny_Project/export/Top_YOLOv3_Tiny_Project/hw/Top_YOLOv3_Tiny_Project.xsa'.
19:41:09 INFO  : 'configparams force-mem-access 1' command is executed.
19:41:09 INFO  : Context for 'APU' is selected.
19:41:09 INFO  : Boot mode is read from the target.
19:41:09 INFO  : Context for processor 'psu_cortexa53_0' is selected.
19:41:09 INFO  : Processor reset is completed for 'psu_cortexa53_0'.
19:41:11 INFO  : The application 'E:/NekrasovVladiimir/CNN_project_start/vitis/Top_YOLOv3_Tiny_Project/export/Top_YOLOv3_Tiny_Project/sw/Top_YOLOv3_Tiny_Project/boot/fsbl.elf' is downloaded to processor 'psu_cortexa53_0'.
19:41:11 INFO  : 'set bp_41_11_fsbl_bp [bpadd -addr &XFsbl_Exit]' command is executed.
19:41:11 INFO  : 'con -block -timeout 60' command is executed.
19:41:11 INFO  : 'bpremove $bp_41_11_fsbl_bp' command is executed.
19:41:12 INFO  : Context for processor 'psu_cortexa53_0' is selected.
19:41:12 INFO  : Processor reset is completed for 'psu_cortexa53_0'.
19:41:12 ERROR : Memory write error at 0x0. Cortex-A53 #0: EDITR not ready
19:41:12 INFO  : ----------------XSDB Script----------------
connect -url tcp:127.0.0.1:3121
source E:/Xilinx/Vitis/2020.2/scripts/vitis/util/zynqmp_utils.tcl
targets -set -nocase -filter {name =~"APU*"}
rst -system
after 3000
targets -set -filter {jtag_cable_name =~ "Digilent JTAG-HS1 210512180081" && level==0 && jtag_device_ctx=="jsn-JTAG-HS1-210512180081-14711093-0"}
fpga -file E:/NekrasovVladiimir/CNN_project_start/vitis/my_project/_ide/bitstream/Top_YOLOv3_Tiny_Project.bit
targets -set -nocase -filter {name =~"APU*"}
loadhw -hw E:/NekrasovVladiimir/CNN_project_start/vitis/Top_YOLOv3_Tiny_Project/export/Top_YOLOv3_Tiny_Project/hw/Top_YOLOv3_Tiny_Project.xsa -mem-ranges [list {0x80000000 0xbfffffff} {0x400000000 0x5ffffffff} {0x1000000000 0x7fffffffff}] -regs
configparams force-mem-access 1
targets -set -nocase -filter {name =~"APU*"}
set mode [expr [mrd -value 0xFF5E0200] & 0xf]
targets -set -nocase -filter {name =~ "*A53*#0"}
rst -processor
dow E:/NekrasovVladiimir/CNN_project_start/vitis/Top_YOLOv3_Tiny_Project/export/Top_YOLOv3_Tiny_Project/sw/Top_YOLOv3_Tiny_Project/boot/fsbl.elf
set bp_41_11_fsbl_bp [bpadd -addr &XFsbl_Exit]
con -block -timeout 60
bpremove $bp_41_11_fsbl_bp
targets -set -nocase -filter {name =~ "*A53*#0"}
rst -processor
dow E:/NekrasovVladiimir/CNN_project_start/vitis/my_project/Debug/my_project.elf
----------------End of Script----------------

19:41:12 ERROR : Memory write error at 0x0. Cortex-A53 #0: EDITR not ready
19:43:42 INFO  : Connected to target on host '127.0.0.1' and port '3121'.
19:43:42 INFO  : Jtag cable 'Digilent JTAG-HS1 210512180081' is selected.
19:43:42 INFO  : 'jtag frequency' command is executed.
19:43:42 INFO  : Sourcing of 'E:/Xilinx/Vitis/2020.2/scripts/vitis/util/zynqmp_utils.tcl' is done.
19:43:42 INFO  : Context for 'APU' is selected.
19:43:43 INFO  : System reset is completed.
19:43:46 INFO  : 'after 3000' command is executed.
19:43:46 INFO  : 'targets -set -filter {jtag_cable_name =~ "Digilent JTAG-HS1 210512180081" && level==0 && jtag_device_ctx=="jsn-JTAG-HS1-210512180081-14711093-0"}' command is executed.
19:43:48 INFO  : Device configured successfully with "E:/NekrasovVladiimir/CNN_project_start/vitis/my_project/_ide/bitstream/Top_YOLOv3_Tiny_Project.bit"
19:43:48 INFO  : Context for 'APU' is selected.
19:43:48 INFO  : Hardware design and registers information is loaded from 'E:/NekrasovVladiimir/CNN_project_start/vitis/Top_YOLOv3_Tiny_Project/export/Top_YOLOv3_Tiny_Project/hw/Top_YOLOv3_Tiny_Project.xsa'.
19:43:48 INFO  : 'configparams force-mem-access 1' command is executed.
19:43:48 INFO  : Context for 'APU' is selected.
19:43:48 INFO  : Boot mode is read from the target.
19:43:48 INFO  : Context for processor 'psu_cortexa53_0' is selected.
19:43:48 INFO  : Processor reset is completed for 'psu_cortexa53_0'.
19:43:49 INFO  : The application 'E:/NekrasovVladiimir/CNN_project_start/vitis/Top_YOLOv3_Tiny_Project/export/Top_YOLOv3_Tiny_Project/sw/Top_YOLOv3_Tiny_Project/boot/fsbl.elf' is downloaded to processor 'psu_cortexa53_0'.
19:43:49 INFO  : 'set bp_43_49_fsbl_bp [bpadd -addr &XFsbl_Exit]' command is executed.
19:44:07 INFO  : 'con -block -timeout 60' command is executed.
19:44:07 INFO  : 'bpremove $bp_43_49_fsbl_bp' command is executed.
19:44:07 INFO  : Context for processor 'psu_cortexa53_0' is selected.
19:44:07 INFO  : Processor reset is completed for 'psu_cortexa53_0'.
19:44:08 INFO  : The application 'E:/NekrasovVladiimir/CNN_project_start/vitis/my_project/Debug/my_project.elf' is downloaded to processor 'psu_cortexa53_0'.
19:44:08 INFO  : 'configparams force-mem-access 0' command is executed.
19:44:08 INFO  : ----------------XSDB Script----------------
connect -url tcp:127.0.0.1:3121
source E:/Xilinx/Vitis/2020.2/scripts/vitis/util/zynqmp_utils.tcl
targets -set -nocase -filter {name =~"APU*"}
rst -system
after 3000
targets -set -filter {jtag_cable_name =~ "Digilent JTAG-HS1 210512180081" && level==0 && jtag_device_ctx=="jsn-JTAG-HS1-210512180081-14711093-0"}
fpga -file E:/NekrasovVladiimir/CNN_project_start/vitis/my_project/_ide/bitstream/Top_YOLOv3_Tiny_Project.bit
targets -set -nocase -filter {name =~"APU*"}
loadhw -hw E:/NekrasovVladiimir/CNN_project_start/vitis/Top_YOLOv3_Tiny_Project/export/Top_YOLOv3_Tiny_Project/hw/Top_YOLOv3_Tiny_Project.xsa -mem-ranges [list {0x80000000 0xbfffffff} {0x400000000 0x5ffffffff} {0x1000000000 0x7fffffffff}] -regs
configparams force-mem-access 1
targets -set -nocase -filter {name =~"APU*"}
set mode [expr [mrd -value 0xFF5E0200] & 0xf]
targets -set -nocase -filter {name =~ "*A53*#0"}
rst -processor
dow E:/NekrasovVladiimir/CNN_project_start/vitis/Top_YOLOv3_Tiny_Project/export/Top_YOLOv3_Tiny_Project/sw/Top_YOLOv3_Tiny_Project/boot/fsbl.elf
set bp_43_49_fsbl_bp [bpadd -addr &XFsbl_Exit]
con -block -timeout 60
bpremove $bp_43_49_fsbl_bp
targets -set -nocase -filter {name =~ "*A53*#0"}
rst -processor
dow E:/NekrasovVladiimir/CNN_project_start/vitis/my_project/Debug/my_project.elf
configparams force-mem-access 0
----------------End of Script----------------

19:44:08 INFO  : Context for processor 'psu_cortexa53_0' is selected.
19:44:08 INFO  : 'con' command is executed.
19:44:08 INFO  : ----------------XSDB Script (After Launch)----------------
targets -set -nocase -filter {name =~ "*A53*#0"}
con
----------------End of Script----------------

19:44:08 INFO  : Launch script is exported to file 'E:\NekrasovVladiimir\CNN_project_start\vitis\my_project_system\_ide\scripts\debugger_my_project-default.tcl'
20:56:40 INFO  : Hardware specification for platform project 'Top_YOLOv3_Tiny_Project' is updated.
20:57:30 INFO  : Result from executing command 'getProjects': Top_YOLOv3_Tiny_Project
20:57:30 INFO  : Result from executing command 'getPlatforms': Top_YOLOv3_Tiny_Project|E:/NekrasovVladiimir/CNN_project_start/vitis/Top_YOLOv3_Tiny_Project/export/Top_YOLOv3_Tiny_Project/Top_YOLOv3_Tiny_Project.xpfm
20:57:49 INFO  : Disconnected from the channel tcfchan#2.
20:57:50 INFO  : The hardware specfication used by project 'my_project' is out of sync with the platform. Resource files extracted from the hardware specfiication will be updated.
20:57:50 INFO  : The file 'E:\NekrasovVladiimir\CNN_project_start\vitis\my_project\_ide\bitstream\Top_YOLOv3_Tiny_Project.bit' stored in project is removed.
20:57:50 INFO  : The updated bitstream files are copied from platform to folder 'E:\NekrasovVladiimir\CNN_project_start\vitis\my_project\_ide\bitstream' in project 'my_project'.
20:57:50 INFO  : The file 'E:\NekrasovVladiimir\CNN_project_start\vitis\my_project\_ide\psinit\psu_init.tcl' stored in project is removed.
20:57:52 INFO  : The updated ps init files are copied from platform to folder 'E:\NekrasovVladiimir\CNN_project_start\vitis\my_project\_ide\psinit' in project 'my_project'.
20:57:55 INFO  : Connected to target on host '127.0.0.1' and port '3121'.
20:57:56 INFO  : Jtag cable 'Digilent JTAG-HS1 210512180081' is selected.
20:57:56 INFO  : 'jtag frequency' command is executed.
20:57:56 INFO  : Sourcing of 'E:/Xilinx/Vitis/2020.2/scripts/vitis/util/zynqmp_utils.tcl' is done.
20:57:56 INFO  : Context for 'APU' is selected.
20:57:57 INFO  : System reset is completed.
20:58:00 INFO  : 'after 3000' command is executed.
20:58:00 INFO  : 'targets -set -filter {jtag_cable_name =~ "Digilent JTAG-HS1 210512180081" && level==0 && jtag_device_ctx=="jsn-JTAG-HS1-210512180081-14711093-0"}' command is executed.
20:58:00 ERROR : couldn't open "E:/NekrasovVladiimir/CNN_project_start/vitis/my_project/_ide/bitstream/Top_YOLOv3_Tiny_Project.bit": no such file or directory
20:58:00 ERROR : Exception occured while running Program Device.
java.lang.RuntimeException: couldn't open "E:/NekrasovVladiimir/CNN_project_start/vitis/my_project/_ide/bitstream/Top_YOLOv3_Tiny_Project.bit": no such file or directory
20:58:00 INFO  : ----------------XSDB Script----------------
connect -url tcp:127.0.0.1:3121
source E:/Xilinx/Vitis/2020.2/scripts/vitis/util/zynqmp_utils.tcl
targets -set -nocase -filter {name =~"APU*"}
rst -system
after 3000
----------------End of Script----------------

20:58:00 ERROR : couldn't open "E:/NekrasovVladiimir/CNN_project_start/vitis/my_project/_ide/bitstream/Top_YOLOv3_Tiny_Project.bit": no such file or directory
21:03:49 INFO  : Hardware specification for platform project 'Top_YOLOv3_Tiny_Project' is updated.
21:04:01 INFO  : Result from executing command 'getProjects': Top_YOLOv3_Tiny_Project
21:04:01 INFO  : Result from executing command 'getPlatforms': Top_YOLOv3_Tiny_Project|E:/NekrasovVladiimir/CNN_project_start/vitis/Top_YOLOv3_Tiny_Project/export/Top_YOLOv3_Tiny_Project/Top_YOLOv3_Tiny_Project.xpfm
21:04:16 INFO  : The hardware specfication used by project 'my_project' is out of sync with the platform. Resource files extracted from the hardware specfiication will be updated.
21:04:16 INFO  : The updated bitstream files are copied from platform to folder 'E:\NekrasovVladiimir\CNN_project_start\vitis\my_project\_ide\bitstream' in project 'my_project'.
21:04:16 INFO  : The file 'E:\NekrasovVladiimir\CNN_project_start\vitis\my_project\_ide\psinit\psu_init.tcl' stored in project is removed.
21:04:17 INFO  : The updated ps init files are copied from platform to folder 'E:\NekrasovVladiimir\CNN_project_start\vitis\my_project\_ide\psinit' in project 'my_project'.
21:04:20 INFO  : Connected to target on host '127.0.0.1' and port '3121'.
21:04:20 INFO  : Jtag cable 'Digilent JTAG-HS1 210512180081' is selected.
21:04:20 INFO  : 'jtag frequency' command is executed.
21:04:20 INFO  : Sourcing of 'E:/Xilinx/Vitis/2020.2/scripts/vitis/util/zynqmp_utils.tcl' is done.
21:04:20 INFO  : Context for 'APU' is selected.
21:04:21 INFO  : System reset is completed.
21:04:24 INFO  : 'after 3000' command is executed.
21:04:24 INFO  : 'targets -set -filter {jtag_cable_name =~ "Digilent JTAG-HS1 210512180081" && level==0 && jtag_device_ctx=="jsn-JTAG-HS1-210512180081-14711093-0"}' command is executed.
21:04:26 INFO  : Device configured successfully with "E:/NekrasovVladiimir/CNN_project_start/vitis/my_project/_ide/bitstream/Top_YOLOv3_Tiny_Project.bit"
21:04:26 INFO  : Context for 'APU' is selected.
21:04:26 INFO  : Hardware design and registers information is loaded from 'E:/NekrasovVladiimir/CNN_project_start/vitis/Top_YOLOv3_Tiny_Project/export/Top_YOLOv3_Tiny_Project/hw/Top_YOLOv3_Tiny_Project.xsa'.
21:04:26 INFO  : 'configparams force-mem-access 1' command is executed.
21:04:26 INFO  : Context for 'APU' is selected.
21:04:26 INFO  : Boot mode is read from the target.
21:04:26 INFO  : Context for processor 'psu_cortexa53_0' is selected.
21:04:26 INFO  : Processor reset is completed for 'psu_cortexa53_0'.
21:04:27 INFO  : The application 'E:/NekrasovVladiimir/CNN_project_start/vitis/Top_YOLOv3_Tiny_Project/export/Top_YOLOv3_Tiny_Project/sw/Top_YOLOv3_Tiny_Project/boot/fsbl.elf' is downloaded to processor 'psu_cortexa53_0'.
21:04:27 INFO  : 'set bp_4_27_fsbl_bp [bpadd -addr &XFsbl_Exit]' command is executed.
21:04:45 INFO  : 'con -block -timeout 60' command is executed.
21:04:45 INFO  : 'bpremove $bp_4_27_fsbl_bp' command is executed.
21:04:45 INFO  : Context for processor 'psu_cortexa53_0' is selected.
21:04:45 INFO  : Processor reset is completed for 'psu_cortexa53_0'.
21:04:45 INFO  : The application 'E:/NekrasovVladiimir/CNN_project_start/vitis/my_project/Debug/my_project.elf' is downloaded to processor 'psu_cortexa53_0'.
21:04:45 INFO  : 'configparams force-mem-access 0' command is executed.
21:04:45 INFO  : ----------------XSDB Script----------------
connect -url tcp:127.0.0.1:3121
source E:/Xilinx/Vitis/2020.2/scripts/vitis/util/zynqmp_utils.tcl
targets -set -nocase -filter {name =~"APU*"}
rst -system
after 3000
targets -set -filter {jtag_cable_name =~ "Digilent JTAG-HS1 210512180081" && level==0 && jtag_device_ctx=="jsn-JTAG-HS1-210512180081-14711093-0"}
fpga -file E:/NekrasovVladiimir/CNN_project_start/vitis/my_project/_ide/bitstream/Top_YOLOv3_Tiny_Project.bit
targets -set -nocase -filter {name =~"APU*"}
loadhw -hw E:/NekrasovVladiimir/CNN_project_start/vitis/Top_YOLOv3_Tiny_Project/export/Top_YOLOv3_Tiny_Project/hw/Top_YOLOv3_Tiny_Project.xsa -mem-ranges [list {0x80000000 0xbfffffff} {0x400000000 0x5ffffffff} {0x1000000000 0x7fffffffff}] -regs
configparams force-mem-access 1
targets -set -nocase -filter {name =~"APU*"}
set mode [expr [mrd -value 0xFF5E0200] & 0xf]
targets -set -nocase -filter {name =~ "*A53*#0"}
rst -processor
dow E:/NekrasovVladiimir/CNN_project_start/vitis/Top_YOLOv3_Tiny_Project/export/Top_YOLOv3_Tiny_Project/sw/Top_YOLOv3_Tiny_Project/boot/fsbl.elf
set bp_4_27_fsbl_bp [bpadd -addr &XFsbl_Exit]
con -block -timeout 60
bpremove $bp_4_27_fsbl_bp
targets -set -nocase -filter {name =~ "*A53*#0"}
rst -processor
dow E:/NekrasovVladiimir/CNN_project_start/vitis/my_project/Debug/my_project.elf
configparams force-mem-access 0
----------------End of Script----------------

21:04:45 INFO  : Context for processor 'psu_cortexa53_0' is selected.
21:04:46 INFO  : 'con' command is executed.
21:04:46 INFO  : ----------------XSDB Script (After Launch)----------------
targets -set -nocase -filter {name =~ "*A53*#0"}
con
----------------End of Script----------------

21:04:46 INFO  : Launch script is exported to file 'E:\NekrasovVladiimir\CNN_project_start\vitis\my_project_system\_ide\scripts\debugger_my_project-default.tcl'
21:05:45 INFO  : Disconnected from the channel tcfchan#4.
13:29:59 INFO  : Launching XSCT server: xsct.bat -n  -interactive E:\NekrasovVladiimir\CNN_project_start\vitis\temp_xsdb_launch_script.tcl
13:30:04 INFO  : XSCT server has started successfully.
13:30:04 INFO  : Successfully done setting XSCT server connection channel  
13:30:04 INFO  : plnx-install-location is set to ''
13:30:04 INFO  : Successfully done setting workspace for the tool. 
13:30:12 INFO  : Platform repository initialization has completed.
13:30:13 INFO  : Registering command handlers for Vitis TCF services
13:30:35 INFO  : Successfully done query RDI_DATADIR 
13:32:22 INFO  : Hardware specification for platform project 'Top_YOLOv3_Tiny_Project' is updated.
13:32:43 INFO  : Connected to target on host '127.0.0.1' and port '3121'.
13:32:44 INFO  : Jtag cable 'Digilent JTAG-HS1 210512180081' is selected.
13:32:44 INFO  : 'jtag frequency' command is executed.
13:32:44 INFO  : Sourcing of 'E:/Xilinx/Vitis/2020.2/scripts/vitis/util/zynqmp_utils.tcl' is done.
13:32:44 INFO  : Context for 'APU' is selected.
13:32:45 INFO  : System reset is completed.
13:32:48 INFO  : 'after 3000' command is executed.
13:32:48 INFO  : 'targets -set -filter {jtag_cable_name =~ "Digilent JTAG-HS1 210512180081" && level==0 && jtag_device_ctx=="jsn-JTAG-HS1-210512180081-14711093-0"}' command is executed.
13:32:50 INFO  : Device configured successfully with "E:/NekrasovVladiimir/CNN_project_start/vitis/my_project/_ide/bitstream/Top_YOLOv3_Tiny_Project.bit"
13:32:50 INFO  : Context for 'APU' is selected.
13:32:51 INFO  : Hardware design and registers information is loaded from 'E:/NekrasovVladiimir/CNN_project_start/vitis/Top_YOLOv3_Tiny_Project/export/Top_YOLOv3_Tiny_Project/hw/Top_YOLOv3_Tiny_Project.xsa'.
13:32:51 INFO  : 'configparams force-mem-access 1' command is executed.
13:32:51 INFO  : Context for 'APU' is selected.
13:32:51 INFO  : Boot mode is read from the target.
13:32:51 INFO  : Context for processor 'psu_cortexa53_0' is selected.
13:32:51 INFO  : Processor reset is completed for 'psu_cortexa53_0'.
13:32:52 INFO  : The application 'E:/NekrasovVladiimir/CNN_project_start/vitis/Top_YOLOv3_Tiny_Project/export/Top_YOLOv3_Tiny_Project/sw/Top_YOLOv3_Tiny_Project/boot/fsbl.elf' is downloaded to processor 'psu_cortexa53_0'.
13:32:52 INFO  : 'set bp_32_52_fsbl_bp [bpadd -addr &XFsbl_Exit]' command is executed.
13:33:10 INFO  : 'con -block -timeout 60' command is executed.
13:33:10 INFO  : 'bpremove $bp_32_52_fsbl_bp' command is executed.
13:33:10 INFO  : Context for processor 'psu_cortexa53_0' is selected.
13:33:10 INFO  : Processor reset is completed for 'psu_cortexa53_0'.
13:33:11 INFO  : The application 'E:/NekrasovVladiimir/CNN_project_start/vitis/my_project/Debug/my_project.elf' is downloaded to processor 'psu_cortexa53_0'.
13:33:11 INFO  : 'configparams force-mem-access 0' command is executed.
13:33:11 INFO  : ----------------XSDB Script----------------
connect -url tcp:127.0.0.1:3121
source E:/Xilinx/Vitis/2020.2/scripts/vitis/util/zynqmp_utils.tcl
targets -set -nocase -filter {name =~"APU*"}
rst -system
after 3000
targets -set -filter {jtag_cable_name =~ "Digilent JTAG-HS1 210512180081" && level==0 && jtag_device_ctx=="jsn-JTAG-HS1-210512180081-14711093-0"}
fpga -file E:/NekrasovVladiimir/CNN_project_start/vitis/my_project/_ide/bitstream/Top_YOLOv3_Tiny_Project.bit
targets -set -nocase -filter {name =~"APU*"}
loadhw -hw E:/NekrasovVladiimir/CNN_project_start/vitis/Top_YOLOv3_Tiny_Project/export/Top_YOLOv3_Tiny_Project/hw/Top_YOLOv3_Tiny_Project.xsa -mem-ranges [list {0x80000000 0xbfffffff} {0x400000000 0x5ffffffff} {0x1000000000 0x7fffffffff}] -regs
configparams force-mem-access 1
targets -set -nocase -filter {name =~"APU*"}
set mode [expr [mrd -value 0xFF5E0200] & 0xf]
targets -set -nocase -filter {name =~ "*A53*#0"}
rst -processor
dow E:/NekrasovVladiimir/CNN_project_start/vitis/Top_YOLOv3_Tiny_Project/export/Top_YOLOv3_Tiny_Project/sw/Top_YOLOv3_Tiny_Project/boot/fsbl.elf
set bp_32_52_fsbl_bp [bpadd -addr &XFsbl_Exit]
con -block -timeout 60
bpremove $bp_32_52_fsbl_bp
targets -set -nocase -filter {name =~ "*A53*#0"}
rst -processor
dow E:/NekrasovVladiimir/CNN_project_start/vitis/my_project/Debug/my_project.elf
configparams force-mem-access 0
----------------End of Script----------------

13:33:11 INFO  : Context for processor 'psu_cortexa53_0' is selected.
13:33:11 INFO  : 'con' command is executed.
13:33:11 INFO  : ----------------XSDB Script (After Launch)----------------
targets -set -nocase -filter {name =~ "*A53*#0"}
con
----------------End of Script----------------

13:33:11 INFO  : Launch script is exported to file 'E:\NekrasovVladiimir\CNN_project_start\vitis\my_project_system\_ide\scripts\debugger_my_project-default.tcl'
13:36:43 INFO  : Result from executing command 'getProjects': Top_YOLOv3_Tiny_Project
13:36:43 INFO  : Result from executing command 'getPlatforms': Top_YOLOv3_Tiny_Project|E:/NekrasovVladiimir/CNN_project_start/vitis/Top_YOLOv3_Tiny_Project/export/Top_YOLOv3_Tiny_Project/Top_YOLOv3_Tiny_Project.xpfm
13:37:27 INFO  : Disconnected from the channel tcfchan#1.
13:37:28 INFO  : The hardware specfication used by project 'my_project' is out of sync with the platform. Resource files extracted from the hardware specfiication will be updated.
13:37:28 INFO  : The file 'E:\NekrasovVladiimir\CNN_project_start\vitis\my_project\_ide\bitstream\Top_YOLOv3_Tiny_Project.bit' stored in project is removed.
13:37:28 INFO  : The updated bitstream files are copied from platform to folder 'E:\NekrasovVladiimir\CNN_project_start\vitis\my_project\_ide\bitstream' in project 'my_project'.
13:37:28 INFO  : The file 'E:\NekrasovVladiimir\CNN_project_start\vitis\my_project\_ide\psinit\psu_init.tcl' stored in project is removed.
13:37:32 INFO  : The updated ps init files are copied from platform to folder 'E:\NekrasovVladiimir\CNN_project_start\vitis\my_project\_ide\psinit' in project 'my_project'.
13:37:34 INFO  : Connected to target on host '127.0.0.1' and port '3121'.
13:37:34 INFO  : Jtag cable 'Digilent JTAG-HS1 210512180081' is selected.
13:37:34 INFO  : 'jtag frequency' command is executed.
13:37:34 INFO  : Sourcing of 'E:/Xilinx/Vitis/2020.2/scripts/vitis/util/zynqmp_utils.tcl' is done.
13:37:34 INFO  : Context for 'APU' is selected.
13:37:35 INFO  : System reset is completed.
13:37:38 INFO  : 'after 3000' command is executed.
13:37:39 INFO  : 'targets -set -filter {jtag_cable_name =~ "Digilent JTAG-HS1 210512180081" && level==0 && jtag_device_ctx=="jsn-JTAG-HS1-210512180081-14711093-0"}' command is executed.
13:37:40 INFO  : Device configured successfully with "E:/NekrasovVladiimir/CNN_project_start/vitis/my_project/_ide/bitstream/Top_YOLOv3_Tiny_Project.bit"
13:37:40 INFO  : Context for 'APU' is selected.
13:37:41 INFO  : Hardware design and registers information is loaded from 'E:/NekrasovVladiimir/CNN_project_start/vitis/Top_YOLOv3_Tiny_Project/export/Top_YOLOv3_Tiny_Project/hw/Top_YOLOv3_Tiny_Project.xsa'.
13:37:41 INFO  : 'configparams force-mem-access 1' command is executed.
13:37:41 INFO  : Context for 'APU' is selected.
13:37:41 INFO  : Boot mode is read from the target.
13:37:41 INFO  : Context for processor 'psu_cortexa53_0' is selected.
13:37:41 INFO  : Processor reset is completed for 'psu_cortexa53_0'.
13:37:42 INFO  : The application 'E:/NekrasovVladiimir/CNN_project_start/vitis/Top_YOLOv3_Tiny_Project/export/Top_YOLOv3_Tiny_Project/sw/Top_YOLOv3_Tiny_Project/boot/fsbl.elf' is downloaded to processor 'psu_cortexa53_0'.
13:37:42 INFO  : 'set bp_37_42_fsbl_bp [bpadd -addr &XFsbl_Exit]' command is executed.
13:38:00 INFO  : 'con -block -timeout 60' command is executed.
13:38:00 INFO  : 'bpremove $bp_37_42_fsbl_bp' command is executed.
13:38:00 INFO  : Context for processor 'psu_cortexa53_0' is selected.
13:38:00 INFO  : Processor reset is completed for 'psu_cortexa53_0'.
13:38:00 INFO  : The application 'E:/NekrasovVladiimir/CNN_project_start/vitis/my_project/Debug/my_project.elf' is downloaded to processor 'psu_cortexa53_0'.
13:38:00 INFO  : 'configparams force-mem-access 0' command is executed.
13:38:00 INFO  : ----------------XSDB Script----------------
connect -url tcp:127.0.0.1:3121
source E:/Xilinx/Vitis/2020.2/scripts/vitis/util/zynqmp_utils.tcl
targets -set -nocase -filter {name =~"APU*"}
rst -system
after 3000
targets -set -filter {jtag_cable_name =~ "Digilent JTAG-HS1 210512180081" && level==0 && jtag_device_ctx=="jsn-JTAG-HS1-210512180081-14711093-0"}
fpga -file E:/NekrasovVladiimir/CNN_project_start/vitis/my_project/_ide/bitstream/Top_YOLOv3_Tiny_Project.bit
targets -set -nocase -filter {name =~"APU*"}
loadhw -hw E:/NekrasovVladiimir/CNN_project_start/vitis/Top_YOLOv3_Tiny_Project/export/Top_YOLOv3_Tiny_Project/hw/Top_YOLOv3_Tiny_Project.xsa -mem-ranges [list {0x80000000 0xbfffffff} {0x400000000 0x5ffffffff} {0x1000000000 0x7fffffffff}] -regs
configparams force-mem-access 1
targets -set -nocase -filter {name =~"APU*"}
set mode [expr [mrd -value 0xFF5E0200] & 0xf]
targets -set -nocase -filter {name =~ "*A53*#0"}
rst -processor
dow E:/NekrasovVladiimir/CNN_project_start/vitis/Top_YOLOv3_Tiny_Project/export/Top_YOLOv3_Tiny_Project/sw/Top_YOLOv3_Tiny_Project/boot/fsbl.elf
set bp_37_42_fsbl_bp [bpadd -addr &XFsbl_Exit]
con -block -timeout 60
bpremove $bp_37_42_fsbl_bp
targets -set -nocase -filter {name =~ "*A53*#0"}
rst -processor
dow E:/NekrasovVladiimir/CNN_project_start/vitis/my_project/Debug/my_project.elf
configparams force-mem-access 0
----------------End of Script----------------

13:38:00 INFO  : Context for processor 'psu_cortexa53_0' is selected.
13:38:01 INFO  : 'con' command is executed.
13:38:01 INFO  : ----------------XSDB Script (After Launch)----------------
targets -set -nocase -filter {name =~ "*A53*#0"}
con
----------------End of Script----------------

13:38:01 INFO  : Launch script is exported to file 'E:\NekrasovVladiimir\CNN_project_start\vitis\my_project_system\_ide\scripts\debugger_my_project-default.tcl'
15:49:57 INFO  : Hardware specification for platform project 'Top_YOLOv3_Tiny_Project' is updated.
15:50:08 INFO  : Result from executing command 'getProjects': Top_YOLOv3_Tiny_Project
15:50:08 INFO  : Result from executing command 'getPlatforms': Top_YOLOv3_Tiny_Project|E:/NekrasovVladiimir/CNN_project_start/vitis/Top_YOLOv3_Tiny_Project/export/Top_YOLOv3_Tiny_Project/Top_YOLOv3_Tiny_Project.xpfm
15:50:29 INFO  : Disconnected from the channel tcfchan#3.
15:50:30 INFO  : The hardware specfication used by project 'my_project' is out of sync with the platform. Resource files extracted from the hardware specfiication will be updated.
15:50:30 INFO  : The file 'E:\NekrasovVladiimir\CNN_project_start\vitis\my_project\_ide\bitstream\Top_YOLOv3_Tiny_Project.bit' stored in project is removed.
15:50:30 INFO  : The updated bitstream files are copied from platform to folder 'E:\NekrasovVladiimir\CNN_project_start\vitis\my_project\_ide\bitstream' in project 'my_project'.
15:50:30 INFO  : The file 'E:\NekrasovVladiimir\CNN_project_start\vitis\my_project\_ide\psinit\psu_init.tcl' stored in project is removed.
15:50:32 INFO  : The updated ps init files are copied from platform to folder 'E:\NekrasovVladiimir\CNN_project_start\vitis\my_project\_ide\psinit' in project 'my_project'.
15:50:34 INFO  : Connected to target on host '127.0.0.1' and port '3121'.
15:50:34 INFO  : Jtag cable 'Digilent JTAG-HS1 210512180081' is selected.
15:50:34 INFO  : 'jtag frequency' command is executed.
15:50:34 INFO  : Sourcing of 'E:/Xilinx/Vitis/2020.2/scripts/vitis/util/zynqmp_utils.tcl' is done.
15:50:34 INFO  : Context for 'APU' is selected.
15:50:36 INFO  : System reset is completed.
15:50:39 INFO  : 'after 3000' command is executed.
15:50:39 INFO  : 'targets -set -filter {jtag_cable_name =~ "Digilent JTAG-HS1 210512180081" && level==0 && jtag_device_ctx=="jsn-JTAG-HS1-210512180081-14711093-0"}' command is executed.
15:50:41 INFO  : Device configured successfully with "E:/NekrasovVladiimir/CNN_project_start/vitis/my_project/_ide/bitstream/Top_YOLOv3_Tiny_Project.bit"
15:50:41 INFO  : Context for 'APU' is selected.
15:50:42 INFO  : Hardware design and registers information is loaded from 'E:/NekrasovVladiimir/CNN_project_start/vitis/Top_YOLOv3_Tiny_Project/export/Top_YOLOv3_Tiny_Project/hw/Top_YOLOv3_Tiny_Project.xsa'.
15:50:42 INFO  : 'configparams force-mem-access 1' command is executed.
15:50:42 INFO  : Context for 'APU' is selected.
15:50:42 INFO  : Boot mode is read from the target.
15:50:42 INFO  : Context for processor 'psu_cortexa53_0' is selected.
15:50:42 INFO  : Processor reset is completed for 'psu_cortexa53_0'.
15:50:43 INFO  : The application 'E:/NekrasovVladiimir/CNN_project_start/vitis/Top_YOLOv3_Tiny_Project/export/Top_YOLOv3_Tiny_Project/sw/Top_YOLOv3_Tiny_Project/boot/fsbl.elf' is downloaded to processor 'psu_cortexa53_0'.
15:50:43 INFO  : 'set bp_50_43_fsbl_bp [bpadd -addr &XFsbl_Exit]' command is executed.
15:51:00 INFO  : 'con -block -timeout 60' command is executed.
15:51:00 INFO  : 'bpremove $bp_50_43_fsbl_bp' command is executed.
15:51:00 INFO  : Context for processor 'psu_cortexa53_0' is selected.
15:51:00 INFO  : Processor reset is completed for 'psu_cortexa53_0'.
15:51:01 INFO  : The application 'E:/NekrasovVladiimir/CNN_project_start/vitis/my_project/Debug/my_project.elf' is downloaded to processor 'psu_cortexa53_0'.
15:51:01 INFO  : 'configparams force-mem-access 0' command is executed.
15:51:01 INFO  : ----------------XSDB Script----------------
connect -url tcp:127.0.0.1:3121
source E:/Xilinx/Vitis/2020.2/scripts/vitis/util/zynqmp_utils.tcl
targets -set -nocase -filter {name =~"APU*"}
rst -system
after 3000
targets -set -filter {jtag_cable_name =~ "Digilent JTAG-HS1 210512180081" && level==0 && jtag_device_ctx=="jsn-JTAG-HS1-210512180081-14711093-0"}
fpga -file E:/NekrasovVladiimir/CNN_project_start/vitis/my_project/_ide/bitstream/Top_YOLOv3_Tiny_Project.bit
targets -set -nocase -filter {name =~"APU*"}
loadhw -hw E:/NekrasovVladiimir/CNN_project_start/vitis/Top_YOLOv3_Tiny_Project/export/Top_YOLOv3_Tiny_Project/hw/Top_YOLOv3_Tiny_Project.xsa -mem-ranges [list {0x80000000 0xbfffffff} {0x400000000 0x5ffffffff} {0x1000000000 0x7fffffffff}] -regs
configparams force-mem-access 1
targets -set -nocase -filter {name =~"APU*"}
set mode [expr [mrd -value 0xFF5E0200] & 0xf]
targets -set -nocase -filter {name =~ "*A53*#0"}
rst -processor
dow E:/NekrasovVladiimir/CNN_project_start/vitis/Top_YOLOv3_Tiny_Project/export/Top_YOLOv3_Tiny_Project/sw/Top_YOLOv3_Tiny_Project/boot/fsbl.elf
set bp_50_43_fsbl_bp [bpadd -addr &XFsbl_Exit]
con -block -timeout 60
bpremove $bp_50_43_fsbl_bp
targets -set -nocase -filter {name =~ "*A53*#0"}
rst -processor
dow E:/NekrasovVladiimir/CNN_project_start/vitis/my_project/Debug/my_project.elf
configparams force-mem-access 0
----------------End of Script----------------

15:51:01 INFO  : Context for processor 'psu_cortexa53_0' is selected.
15:51:01 INFO  : 'con' command is executed.
15:51:01 INFO  : ----------------XSDB Script (After Launch)----------------
targets -set -nocase -filter {name =~ "*A53*#0"}
con
----------------End of Script----------------

15:51:01 INFO  : Launch script is exported to file 'E:\NekrasovVladiimir\CNN_project_start\vitis\my_project_system\_ide\scripts\debugger_my_project-default.tcl'
20:12:58 INFO  : Hardware specification for platform project 'Top_YOLOv3_Tiny_Project' is updated.
20:13:08 INFO  : Result from executing command 'getProjects': Top_YOLOv3_Tiny_Project
20:13:08 INFO  : Result from executing command 'getPlatforms': Top_YOLOv3_Tiny_Project|E:/NekrasovVladiimir/CNN_project_start/vitis/Top_YOLOv3_Tiny_Project/export/Top_YOLOv3_Tiny_Project/Top_YOLOv3_Tiny_Project.xpfm
20:13:52 INFO  : Disconnected from the channel tcfchan#5.
20:13:53 INFO  : The hardware specfication used by project 'my_project' is out of sync with the platform. Resource files extracted from the hardware specfiication will be updated.
20:13:53 INFO  : The file 'E:\NekrasovVladiimir\CNN_project_start\vitis\my_project\_ide\bitstream\Top_YOLOv3_Tiny_Project.bit' stored in project is removed.
20:13:53 INFO  : The updated bitstream files are copied from platform to folder 'E:\NekrasovVladiimir\CNN_project_start\vitis\my_project\_ide\bitstream' in project 'my_project'.
20:13:53 INFO  : The file 'E:\NekrasovVladiimir\CNN_project_start\vitis\my_project\_ide\psinit\psu_init.tcl' stored in project is removed.
20:13:56 INFO  : The updated ps init files are copied from platform to folder 'E:\NekrasovVladiimir\CNN_project_start\vitis\my_project\_ide\psinit' in project 'my_project'.
20:13:58 INFO  : Connected to target on host '127.0.0.1' and port '3121'.
20:13:58 INFO  : Jtag cable 'Digilent JTAG-HS1 210512180081' is selected.
20:13:58 INFO  : 'jtag frequency' command is executed.
20:13:58 INFO  : Sourcing of 'E:/Xilinx/Vitis/2020.2/scripts/vitis/util/zynqmp_utils.tcl' is done.
20:13:58 INFO  : Context for 'APU' is selected.
20:14:00 INFO  : System reset is completed.
20:14:03 INFO  : 'after 3000' command is executed.
20:14:03 INFO  : 'targets -set -filter {jtag_cable_name =~ "Digilent JTAG-HS1 210512180081" && level==0 && jtag_device_ctx=="jsn-JTAG-HS1-210512180081-14711093-0"}' command is executed.
20:14:05 INFO  : Device configured successfully with "E:/NekrasovVladiimir/CNN_project_start/vitis/my_project/_ide/bitstream/Top_YOLOv3_Tiny_Project.bit"
20:14:05 INFO  : Context for 'APU' is selected.
20:14:05 INFO  : Hardware design and registers information is loaded from 'E:/NekrasovVladiimir/CNN_project_start/vitis/Top_YOLOv3_Tiny_Project/export/Top_YOLOv3_Tiny_Project/hw/Top_YOLOv3_Tiny_Project.xsa'.
20:14:05 INFO  : 'configparams force-mem-access 1' command is executed.
20:14:05 INFO  : Context for 'APU' is selected.
20:14:05 INFO  : Boot mode is read from the target.
20:14:05 INFO  : Context for processor 'psu_cortexa53_0' is selected.
20:14:05 INFO  : Processor reset is completed for 'psu_cortexa53_0'.
20:14:06 INFO  : The application 'E:/NekrasovVladiimir/CNN_project_start/vitis/Top_YOLOv3_Tiny_Project/export/Top_YOLOv3_Tiny_Project/sw/Top_YOLOv3_Tiny_Project/boot/fsbl.elf' is downloaded to processor 'psu_cortexa53_0'.
20:14:06 INFO  : 'set bp_14_6_fsbl_bp [bpadd -addr &XFsbl_Exit]' command is executed.
20:14:24 INFO  : 'con -block -timeout 60' command is executed.
20:14:24 INFO  : 'bpremove $bp_14_6_fsbl_bp' command is executed.
20:14:24 INFO  : Context for processor 'psu_cortexa53_0' is selected.
20:14:24 INFO  : Processor reset is completed for 'psu_cortexa53_0'.
20:14:25 INFO  : The application 'E:/NekrasovVladiimir/CNN_project_start/vitis/my_project/Debug/my_project.elf' is downloaded to processor 'psu_cortexa53_0'.
20:14:25 INFO  : 'configparams force-mem-access 0' command is executed.
20:14:25 INFO  : ----------------XSDB Script----------------
connect -url tcp:127.0.0.1:3121
source E:/Xilinx/Vitis/2020.2/scripts/vitis/util/zynqmp_utils.tcl
targets -set -nocase -filter {name =~"APU*"}
rst -system
after 3000
targets -set -filter {jtag_cable_name =~ "Digilent JTAG-HS1 210512180081" && level==0 && jtag_device_ctx=="jsn-JTAG-HS1-210512180081-14711093-0"}
fpga -file E:/NekrasovVladiimir/CNN_project_start/vitis/my_project/_ide/bitstream/Top_YOLOv3_Tiny_Project.bit
targets -set -nocase -filter {name =~"APU*"}
loadhw -hw E:/NekrasovVladiimir/CNN_project_start/vitis/Top_YOLOv3_Tiny_Project/export/Top_YOLOv3_Tiny_Project/hw/Top_YOLOv3_Tiny_Project.xsa -mem-ranges [list {0x80000000 0xbfffffff} {0x400000000 0x5ffffffff} {0x1000000000 0x7fffffffff}] -regs
configparams force-mem-access 1
targets -set -nocase -filter {name =~"APU*"}
set mode [expr [mrd -value 0xFF5E0200] & 0xf]
targets -set -nocase -filter {name =~ "*A53*#0"}
rst -processor
dow E:/NekrasovVladiimir/CNN_project_start/vitis/Top_YOLOv3_Tiny_Project/export/Top_YOLOv3_Tiny_Project/sw/Top_YOLOv3_Tiny_Project/boot/fsbl.elf
set bp_14_6_fsbl_bp [bpadd -addr &XFsbl_Exit]
con -block -timeout 60
bpremove $bp_14_6_fsbl_bp
targets -set -nocase -filter {name =~ "*A53*#0"}
rst -processor
dow E:/NekrasovVladiimir/CNN_project_start/vitis/my_project/Debug/my_project.elf
configparams force-mem-access 0
----------------End of Script----------------

20:14:25 INFO  : Context for processor 'psu_cortexa53_0' is selected.
20:14:25 INFO  : 'con' command is executed.
20:14:25 INFO  : ----------------XSDB Script (After Launch)----------------
targets -set -nocase -filter {name =~ "*A53*#0"}
con
----------------End of Script----------------

20:14:25 INFO  : Launch script is exported to file 'E:\NekrasovVladiimir\CNN_project_start\vitis\my_project_system\_ide\scripts\debugger_my_project-default.tcl'
21:04:00 INFO  : Disconnected from the channel tcfchan#7.
17:41:40 INFO  : Launching XSCT server: xsct.bat -n  -interactive E:\NekrasovVladiimir\CNN_project_start\vitis\temp_xsdb_launch_script.tcl
17:41:44 INFO  : XSCT server has started successfully.
17:41:44 INFO  : Successfully done setting XSCT server connection channel  
17:41:44 INFO  : plnx-install-location is set to ''
17:41:44 INFO  : Successfully done setting workspace for the tool. 
17:41:57 INFO  : Platform repository initialization has completed.
17:41:57 INFO  : Registering command handlers for Vitis TCF services
17:42:10 INFO  : Successfully done query RDI_DATADIR 
17:44:20 INFO  : Hardware specification for platform project 'Top_YOLOv3_Tiny_Project' is updated.
17:44:38 INFO  : Result from executing command 'getProjects': Top_YOLOv3_Tiny_Project
17:44:38 INFO  : Result from executing command 'getPlatforms': Top_YOLOv3_Tiny_Project|E:/NekrasovVladiimir/CNN_project_start/vitis/Top_YOLOv3_Tiny_Project/export/Top_YOLOv3_Tiny_Project/Top_YOLOv3_Tiny_Project.xpfm
17:46:15 INFO  : The hardware specfication used by project 'my_project' is out of sync with the platform. Resource files extracted from the hardware specfiication will be updated.
17:46:15 INFO  : The file 'E:\NekrasovVladiimir\CNN_project_start\vitis\my_project\_ide\bitstream\Top_YOLOv3_Tiny_Project.bit' stored in project is removed.
17:46:16 INFO  : The updated bitstream files are copied from platform to folder 'E:\NekrasovVladiimir\CNN_project_start\vitis\my_project\_ide\bitstream' in project 'my_project'.
17:46:16 INFO  : The file 'E:\NekrasovVladiimir\CNN_project_start\vitis\my_project\_ide\psinit\psu_init.tcl' stored in project is removed.
17:46:19 INFO  : The updated ps init files are copied from platform to folder 'E:\NekrasovVladiimir\CNN_project_start\vitis\my_project\_ide\psinit' in project 'my_project'.
17:46:21 INFO  : Connected to target on host '127.0.0.1' and port '3121'.
17:46:22 INFO  : Jtag cable 'Digilent JTAG-HS1 210512180081' is selected.
17:46:22 INFO  : 'jtag frequency' command is executed.
17:46:22 INFO  : Sourcing of 'E:/Xilinx/Vitis/2020.2/scripts/vitis/util/zynqmp_utils.tcl' is done.
17:46:22 INFO  : Context for 'APU' is selected.
17:46:23 INFO  : System reset is completed.
17:46:26 INFO  : 'after 3000' command is executed.
17:46:26 INFO  : 'targets -set -filter {jtag_cable_name =~ "Digilent JTAG-HS1 210512180081" && level==0 && jtag_device_ctx=="jsn-JTAG-HS1-210512180081-14711093-0"}' command is executed.
17:46:28 INFO  : Device configured successfully with "E:/NekrasovVladiimir/CNN_project_start/vitis/my_project/_ide/bitstream/Top_YOLOv3_Tiny_Project.bit"
17:46:28 INFO  : Context for 'APU' is selected.
17:46:28 INFO  : Hardware design and registers information is loaded from 'E:/NekrasovVladiimir/CNN_project_start/vitis/Top_YOLOv3_Tiny_Project/export/Top_YOLOv3_Tiny_Project/hw/Top_YOLOv3_Tiny_Project.xsa'.
17:46:28 INFO  : 'configparams force-mem-access 1' command is executed.
17:46:28 INFO  : Context for 'APU' is selected.
17:46:28 INFO  : Boot mode is read from the target.
17:46:28 INFO  : Context for processor 'psu_cortexa53_0' is selected.
17:46:28 INFO  : Processor reset is completed for 'psu_cortexa53_0'.
17:46:29 INFO  : The application 'E:/NekrasovVladiimir/CNN_project_start/vitis/Top_YOLOv3_Tiny_Project/export/Top_YOLOv3_Tiny_Project/sw/Top_YOLOv3_Tiny_Project/boot/fsbl.elf' is downloaded to processor 'psu_cortexa53_0'.
17:46:29 INFO  : 'set bp_46_29_fsbl_bp [bpadd -addr &XFsbl_Exit]' command is executed.
17:46:47 INFO  : 'con -block -timeout 60' command is executed.
17:46:47 INFO  : 'bpremove $bp_46_29_fsbl_bp' command is executed.
17:46:47 INFO  : Context for processor 'psu_cortexa53_0' is selected.
17:46:47 INFO  : Processor reset is completed for 'psu_cortexa53_0'.
17:46:47 INFO  : The application 'E:/NekrasovVladiimir/CNN_project_start/vitis/my_project/Debug/my_project.elf' is downloaded to processor 'psu_cortexa53_0'.
17:46:47 INFO  : 'configparams force-mem-access 0' command is executed.
17:46:47 INFO  : ----------------XSDB Script----------------
connect -url tcp:127.0.0.1:3121
source E:/Xilinx/Vitis/2020.2/scripts/vitis/util/zynqmp_utils.tcl
targets -set -nocase -filter {name =~"APU*"}
rst -system
after 3000
targets -set -filter {jtag_cable_name =~ "Digilent JTAG-HS1 210512180081" && level==0 && jtag_device_ctx=="jsn-JTAG-HS1-210512180081-14711093-0"}
fpga -file E:/NekrasovVladiimir/CNN_project_start/vitis/my_project/_ide/bitstream/Top_YOLOv3_Tiny_Project.bit
targets -set -nocase -filter {name =~"APU*"}
loadhw -hw E:/NekrasovVladiimir/CNN_project_start/vitis/Top_YOLOv3_Tiny_Project/export/Top_YOLOv3_Tiny_Project/hw/Top_YOLOv3_Tiny_Project.xsa -mem-ranges [list {0x80000000 0xbfffffff} {0x400000000 0x5ffffffff} {0x1000000000 0x7fffffffff}] -regs
configparams force-mem-access 1
targets -set -nocase -filter {name =~"APU*"}
set mode [expr [mrd -value 0xFF5E0200] & 0xf]
targets -set -nocase -filter {name =~ "*A53*#0"}
rst -processor
dow E:/NekrasovVladiimir/CNN_project_start/vitis/Top_YOLOv3_Tiny_Project/export/Top_YOLOv3_Tiny_Project/sw/Top_YOLOv3_Tiny_Project/boot/fsbl.elf
set bp_46_29_fsbl_bp [bpadd -addr &XFsbl_Exit]
con -block -timeout 60
bpremove $bp_46_29_fsbl_bp
targets -set -nocase -filter {name =~ "*A53*#0"}
rst -processor
dow E:/NekrasovVladiimir/CNN_project_start/vitis/my_project/Debug/my_project.elf
configparams force-mem-access 0
----------------End of Script----------------

17:46:47 INFO  : Context for processor 'psu_cortexa53_0' is selected.
17:46:47 INFO  : 'con' command is executed.
17:46:47 INFO  : ----------------XSDB Script (After Launch)----------------
targets -set -nocase -filter {name =~ "*A53*#0"}
con
----------------End of Script----------------

17:46:47 INFO  : Launch script is exported to file 'E:\NekrasovVladiimir\CNN_project_start\vitis\my_project_system\_ide\scripts\debugger_my_project-default.tcl'
18:10:22 INFO  : Hardware specification for platform project 'Top_YOLOv3_Tiny_Project' is updated.
18:10:38 INFO  : Result from executing command 'getProjects': Top_YOLOv3_Tiny_Project
18:10:38 INFO  : Result from executing command 'getPlatforms': Top_YOLOv3_Tiny_Project|E:/NekrasovVladiimir/CNN_project_start/vitis/Top_YOLOv3_Tiny_Project/export/Top_YOLOv3_Tiny_Project/Top_YOLOv3_Tiny_Project.xpfm
18:10:43 INFO  : Checking for BSP changes to sync application flags for project 'my_project'...
18:11:03 INFO  : Disconnected from the channel tcfchan#2.
18:11:04 INFO  : The hardware specfication used by project 'my_project' is out of sync with the platform. Resource files extracted from the hardware specfiication will be updated.
18:11:04 INFO  : The file 'E:\NekrasovVladiimir\CNN_project_start\vitis\my_project\_ide\bitstream\Top_YOLOv3_Tiny_Project.bit' stored in project is removed.
18:11:04 INFO  : The updated bitstream files are copied from platform to folder 'E:\NekrasovVladiimir\CNN_project_start\vitis\my_project\_ide\bitstream' in project 'my_project'.
18:11:04 INFO  : The file 'E:\NekrasovVladiimir\CNN_project_start\vitis\my_project\_ide\psinit\psu_init.tcl' stored in project is removed.
18:11:06 INFO  : The updated ps init files are copied from platform to folder 'E:\NekrasovVladiimir\CNN_project_start\vitis\my_project\_ide\psinit' in project 'my_project'.
18:11:08 INFO  : Connected to target on host '127.0.0.1' and port '3121'.
18:11:08 INFO  : Jtag cable 'Digilent JTAG-HS1 210512180081' is selected.
18:11:08 INFO  : 'jtag frequency' command is executed.
18:11:08 INFO  : Sourcing of 'E:/Xilinx/Vitis/2020.2/scripts/vitis/util/zynqmp_utils.tcl' is done.
18:11:08 INFO  : Context for 'APU' is selected.
18:11:09 INFO  : System reset is completed.
18:11:12 INFO  : 'after 3000' command is executed.
18:11:13 INFO  : 'targets -set -filter {jtag_cable_name =~ "Digilent JTAG-HS1 210512180081" && level==0 && jtag_device_ctx=="jsn-JTAG-HS1-210512180081-14711093-0"}' command is executed.
18:11:14 INFO  : Device configured successfully with "E:/NekrasovVladiimir/CNN_project_start/vitis/my_project/_ide/bitstream/Top_YOLOv3_Tiny_Project.bit"
18:11:14 INFO  : Context for 'APU' is selected.
18:11:15 INFO  : Hardware design and registers information is loaded from 'E:/NekrasovVladiimir/CNN_project_start/vitis/Top_YOLOv3_Tiny_Project/export/Top_YOLOv3_Tiny_Project/hw/Top_YOLOv3_Tiny_Project.xsa'.
18:11:15 INFO  : 'configparams force-mem-access 1' command is executed.
18:11:15 INFO  : Context for 'APU' is selected.
18:11:15 INFO  : Boot mode is read from the target.
18:11:15 INFO  : Context for processor 'psu_cortexa53_0' is selected.
18:11:15 INFO  : Processor reset is completed for 'psu_cortexa53_0'.
18:11:16 INFO  : The application 'E:/NekrasovVladiimir/CNN_project_start/vitis/Top_YOLOv3_Tiny_Project/export/Top_YOLOv3_Tiny_Project/sw/Top_YOLOv3_Tiny_Project/boot/fsbl.elf' is downloaded to processor 'psu_cortexa53_0'.
18:11:16 INFO  : 'set bp_11_16_fsbl_bp [bpadd -addr &XFsbl_Exit]' command is executed.
18:11:34 INFO  : 'con -block -timeout 60' command is executed.
18:11:34 INFO  : 'bpremove $bp_11_16_fsbl_bp' command is executed.
18:11:34 INFO  : Context for processor 'psu_cortexa53_0' is selected.
18:11:34 INFO  : Processor reset is completed for 'psu_cortexa53_0'.
18:11:35 INFO  : The application 'E:/NekrasovVladiimir/CNN_project_start/vitis/my_project/Debug/my_project.elf' is downloaded to processor 'psu_cortexa53_0'.
18:11:35 INFO  : 'configparams force-mem-access 0' command is executed.
18:11:35 INFO  : ----------------XSDB Script----------------
connect -url tcp:127.0.0.1:3121
source E:/Xilinx/Vitis/2020.2/scripts/vitis/util/zynqmp_utils.tcl
targets -set -nocase -filter {name =~"APU*"}
rst -system
after 3000
targets -set -filter {jtag_cable_name =~ "Digilent JTAG-HS1 210512180081" && level==0 && jtag_device_ctx=="jsn-JTAG-HS1-210512180081-14711093-0"}
fpga -file E:/NekrasovVladiimir/CNN_project_start/vitis/my_project/_ide/bitstream/Top_YOLOv3_Tiny_Project.bit
targets -set -nocase -filter {name =~"APU*"}
loadhw -hw E:/NekrasovVladiimir/CNN_project_start/vitis/Top_YOLOv3_Tiny_Project/export/Top_YOLOv3_Tiny_Project/hw/Top_YOLOv3_Tiny_Project.xsa -mem-ranges [list {0x80000000 0xbfffffff} {0x400000000 0x5ffffffff} {0x1000000000 0x7fffffffff}] -regs
configparams force-mem-access 1
targets -set -nocase -filter {name =~"APU*"}
set mode [expr [mrd -value 0xFF5E0200] & 0xf]
targets -set -nocase -filter {name =~ "*A53*#0"}
rst -processor
dow E:/NekrasovVladiimir/CNN_project_start/vitis/Top_YOLOv3_Tiny_Project/export/Top_YOLOv3_Tiny_Project/sw/Top_YOLOv3_Tiny_Project/boot/fsbl.elf
set bp_11_16_fsbl_bp [bpadd -addr &XFsbl_Exit]
con -block -timeout 60
bpremove $bp_11_16_fsbl_bp
targets -set -nocase -filter {name =~ "*A53*#0"}
rst -processor
dow E:/NekrasovVladiimir/CNN_project_start/vitis/my_project/Debug/my_project.elf
configparams force-mem-access 0
----------------End of Script----------------

18:11:35 INFO  : Context for processor 'psu_cortexa53_0' is selected.
18:11:35 INFO  : 'con' command is executed.
18:11:35 INFO  : ----------------XSDB Script (After Launch)----------------
targets -set -nocase -filter {name =~ "*A53*#0"}
con
----------------End of Script----------------

18:11:35 INFO  : Launch script is exported to file 'E:\NekrasovVladiimir\CNN_project_start\vitis\my_project_system\_ide\scripts\debugger_my_project-default.tcl'
18:22:13 INFO  : Disconnected from the channel tcfchan#4.
18:22:14 INFO  : Connected to target on host '127.0.0.1' and port '3121'.
18:22:14 INFO  : Jtag cable 'Digilent JTAG-HS1 210512180081' is selected.
18:22:14 INFO  : 'jtag frequency' command is executed.
18:22:14 INFO  : Sourcing of 'E:/Xilinx/Vitis/2020.2/scripts/vitis/util/zynqmp_utils.tcl' is done.
18:22:14 INFO  : Context for 'APU' is selected.
18:22:15 INFO  : System reset is completed.
18:22:18 INFO  : 'after 3000' command is executed.
18:22:18 INFO  : 'targets -set -filter {jtag_cable_name =~ "Digilent JTAG-HS1 210512180081" && level==0 && jtag_device_ctx=="jsn-JTAG-HS1-210512180081-14711093-0"}' command is executed.
18:22:20 INFO  : Device configured successfully with "E:/NekrasovVladiimir/CNN_project_start/vitis/my_project/_ide/bitstream/Top_YOLOv3_Tiny_Project.bit"
18:22:20 INFO  : Context for 'APU' is selected.
18:22:20 INFO  : Hardware design and registers information is loaded from 'E:/NekrasovVladiimir/CNN_project_start/vitis/Top_YOLOv3_Tiny_Project/export/Top_YOLOv3_Tiny_Project/hw/Top_YOLOv3_Tiny_Project.xsa'.
18:22:20 INFO  : 'configparams force-mem-access 1' command is executed.
18:22:20 INFO  : Context for 'APU' is selected.
18:22:20 INFO  : Boot mode is read from the target.
18:22:20 INFO  : Context for processor 'psu_cortexa53_0' is selected.
18:22:20 INFO  : Processor reset is completed for 'psu_cortexa53_0'.
18:22:21 INFO  : The application 'E:/NekrasovVladiimir/CNN_project_start/vitis/Top_YOLOv3_Tiny_Project/export/Top_YOLOv3_Tiny_Project/sw/Top_YOLOv3_Tiny_Project/boot/fsbl.elf' is downloaded to processor 'psu_cortexa53_0'.
18:22:21 INFO  : 'set bp_22_21_fsbl_bp [bpadd -addr &XFsbl_Exit]' command is executed.
18:22:40 INFO  : 'con -block -timeout 60' command is executed.
18:22:40 INFO  : 'bpremove $bp_22_21_fsbl_bp' command is executed.
18:22:40 INFO  : Context for processor 'psu_cortexa53_0' is selected.
18:22:40 INFO  : Processor reset is completed for 'psu_cortexa53_0'.
18:22:40 INFO  : The application 'E:/NekrasovVladiimir/CNN_project_start/vitis/my_project/Debug/my_project.elf' is downloaded to processor 'psu_cortexa53_0'.
18:22:40 INFO  : 'configparams force-mem-access 0' command is executed.
18:22:40 INFO  : ----------------XSDB Script----------------
connect -url tcp:127.0.0.1:3121
source E:/Xilinx/Vitis/2020.2/scripts/vitis/util/zynqmp_utils.tcl
targets -set -nocase -filter {name =~"APU*"}
rst -system
after 3000
targets -set -filter {jtag_cable_name =~ "Digilent JTAG-HS1 210512180081" && level==0 && jtag_device_ctx=="jsn-JTAG-HS1-210512180081-14711093-0"}
fpga -file E:/NekrasovVladiimir/CNN_project_start/vitis/my_project/_ide/bitstream/Top_YOLOv3_Tiny_Project.bit
targets -set -nocase -filter {name =~"APU*"}
loadhw -hw E:/NekrasovVladiimir/CNN_project_start/vitis/Top_YOLOv3_Tiny_Project/export/Top_YOLOv3_Tiny_Project/hw/Top_YOLOv3_Tiny_Project.xsa -mem-ranges [list {0x80000000 0xbfffffff} {0x400000000 0x5ffffffff} {0x1000000000 0x7fffffffff}] -regs
configparams force-mem-access 1
targets -set -nocase -filter {name =~"APU*"}
set mode [expr [mrd -value 0xFF5E0200] & 0xf]
targets -set -nocase -filter {name =~ "*A53*#0"}
rst -processor
dow E:/NekrasovVladiimir/CNN_project_start/vitis/Top_YOLOv3_Tiny_Project/export/Top_YOLOv3_Tiny_Project/sw/Top_YOLOv3_Tiny_Project/boot/fsbl.elf
set bp_22_21_fsbl_bp [bpadd -addr &XFsbl_Exit]
con -block -timeout 60
bpremove $bp_22_21_fsbl_bp
targets -set -nocase -filter {name =~ "*A53*#0"}
rst -processor
dow E:/NekrasovVladiimir/CNN_project_start/vitis/my_project/Debug/my_project.elf
configparams force-mem-access 0
----------------End of Script----------------

18:22:40 INFO  : Context for processor 'psu_cortexa53_0' is selected.
18:22:40 INFO  : 'con' command is executed.
18:22:40 INFO  : ----------------XSDB Script (After Launch)----------------
targets -set -nocase -filter {name =~ "*A53*#0"}
con
----------------End of Script----------------

18:22:40 INFO  : Launch script is exported to file 'E:\NekrasovVladiimir\CNN_project_start\vitis\my_project_system\_ide\scripts\debugger_my_project-default.tcl'
18:44:46 INFO  : Hardware specification for platform project 'Top_YOLOv3_Tiny_Project' is updated.
18:45:05 INFO  : Result from executing command 'getProjects': Top_YOLOv3_Tiny_Project
18:45:05 INFO  : Result from executing command 'getPlatforms': Top_YOLOv3_Tiny_Project|E:/NekrasovVladiimir/CNN_project_start/vitis/Top_YOLOv3_Tiny_Project/export/Top_YOLOv3_Tiny_Project/Top_YOLOv3_Tiny_Project.xpfm
18:45:31 INFO  : Disconnected from the channel tcfchan#5.
18:45:32 INFO  : The hardware specfication used by project 'my_project' is out of sync with the platform. Resource files extracted from the hardware specfiication will be updated.
18:45:32 INFO  : The file 'E:\NekrasovVladiimir\CNN_project_start\vitis\my_project\_ide\bitstream\Top_YOLOv3_Tiny_Project.bit' stored in project is removed.
18:45:32 INFO  : The updated bitstream files are copied from platform to folder 'E:\NekrasovVladiimir\CNN_project_start\vitis\my_project\_ide\bitstream' in project 'my_project'.
18:45:32 INFO  : The file 'E:\NekrasovVladiimir\CNN_project_start\vitis\my_project\_ide\psinit\psu_init.tcl' stored in project is removed.
18:45:35 INFO  : The updated ps init files are copied from platform to folder 'E:\NekrasovVladiimir\CNN_project_start\vitis\my_project\_ide\psinit' in project 'my_project'.
18:45:37 INFO  : Connected to target on host '127.0.0.1' and port '3121'.
18:45:37 INFO  : Jtag cable 'Digilent JTAG-HS1 210512180081' is selected.
18:45:37 INFO  : 'jtag frequency' command is executed.
18:45:37 INFO  : Sourcing of 'E:/Xilinx/Vitis/2020.2/scripts/vitis/util/zynqmp_utils.tcl' is done.
18:45:37 INFO  : Context for 'APU' is selected.
18:45:38 INFO  : System reset is completed.
18:45:41 INFO  : 'after 3000' command is executed.
18:45:42 INFO  : 'targets -set -filter {jtag_cable_name =~ "Digilent JTAG-HS1 210512180081" && level==0 && jtag_device_ctx=="jsn-JTAG-HS1-210512180081-14711093-0"}' command is executed.
18:45:42 ERROR : couldn't open "E:/NekrasovVladiimir/CNN_project_start/vitis/my_project/_ide/bitstream/Top_YOLOv3_Tiny_Project.bit": no such file or directory
18:45:42 ERROR : Exception occured while running Program Device.
java.lang.RuntimeException: couldn't open "E:/NekrasovVladiimir/CNN_project_start/vitis/my_project/_ide/bitstream/Top_YOLOv3_Tiny_Project.bit": no such file or directory
18:45:42 INFO  : ----------------XSDB Script----------------
connect -url tcp:127.0.0.1:3121
source E:/Xilinx/Vitis/2020.2/scripts/vitis/util/zynqmp_utils.tcl
targets -set -nocase -filter {name =~"APU*"}
rst -system
after 3000
----------------End of Script----------------

18:45:42 ERROR : couldn't open "E:/NekrasovVladiimir/CNN_project_start/vitis/my_project/_ide/bitstream/Top_YOLOv3_Tiny_Project.bit": no such file or directory
18:46:09 INFO  : Connected to target on host '127.0.0.1' and port '3121'.
18:46:09 INFO  : Jtag cable 'Digilent JTAG-HS1 210512180081' is selected.
18:46:09 INFO  : 'jtag frequency' command is executed.
18:46:09 INFO  : Sourcing of 'E:/Xilinx/Vitis/2020.2/scripts/vitis/util/zynqmp_utils.tcl' is done.
18:46:09 INFO  : Context for 'APU' is selected.
18:46:10 INFO  : System reset is completed.
18:46:13 INFO  : 'after 3000' command is executed.
18:46:13 INFO  : 'targets -set -filter {jtag_cable_name =~ "Digilent JTAG-HS1 210512180081" && level==0 && jtag_device_ctx=="jsn-JTAG-HS1-210512180081-14711093-0"}' command is executed.
18:46:13 ERROR : couldn't open "E:/NekrasovVladiimir/CNN_project_start/vitis/my_project/_ide/bitstream/Top_YOLOv3_Tiny_Project.bit": no such file or directory
18:46:13 ERROR : Exception occured while running Program Device.
java.lang.RuntimeException: couldn't open "E:/NekrasovVladiimir/CNN_project_start/vitis/my_project/_ide/bitstream/Top_YOLOv3_Tiny_Project.bit": no such file or directory
18:46:13 INFO  : ----------------XSDB Script----------------
connect -url tcp:127.0.0.1:3121
source E:/Xilinx/Vitis/2020.2/scripts/vitis/util/zynqmp_utils.tcl
targets -set -nocase -filter {name =~"APU*"}
rst -system
after 3000
----------------End of Script----------------

18:46:13 ERROR : couldn't open "E:/NekrasovVladiimir/CNN_project_start/vitis/my_project/_ide/bitstream/Top_YOLOv3_Tiny_Project.bit": no such file or directory
18:48:34 INFO  : Connected to target on host '127.0.0.1' and port '3121'.
18:48:34 INFO  : Jtag cable 'Digilent JTAG-HS1 210512180081' is selected.
18:48:34 INFO  : 'jtag frequency' command is executed.
18:48:34 INFO  : Sourcing of 'E:/Xilinx/Vitis/2020.2/scripts/vitis/util/zynqmp_utils.tcl' is done.
18:48:34 INFO  : Context for 'APU' is selected.
18:48:35 INFO  : System reset is completed.
18:48:38 INFO  : 'after 3000' command is executed.
18:48:38 INFO  : 'targets -set -filter {jtag_cable_name =~ "Digilent JTAG-HS1 210512180081" && level==0 && jtag_device_ctx=="jsn-JTAG-HS1-210512180081-14711093-0"}' command is executed.
18:48:40 INFO  : Device configured successfully with "E:/NekrasovVladiimir/CNN_project_start/vitis/my_project/_ide/bitstream/Top_YOLOv3_Tiny_Project.bit"
18:48:40 INFO  : Context for 'APU' is selected.
18:48:41 INFO  : Hardware design and registers information is loaded from 'E:/NekrasovVladiimir/CNN_project_start/vitis/Top_YOLOv3_Tiny_Project/export/Top_YOLOv3_Tiny_Project/hw/top.xsa'.
18:48:41 INFO  : 'configparams force-mem-access 1' command is executed.
18:48:41 INFO  : Context for 'APU' is selected.
18:48:41 INFO  : Boot mode is read from the target.
18:48:41 INFO  : Context for processor 'psu_cortexa53_0' is selected.
18:48:41 INFO  : Processor reset is completed for 'psu_cortexa53_0'.
18:48:42 INFO  : The application 'E:/NekrasovVladiimir/CNN_project_start/vitis/Top_YOLOv3_Tiny_Project/export/Top_YOLOv3_Tiny_Project/sw/Top_YOLOv3_Tiny_Project/boot/fsbl.elf' is downloaded to processor 'psu_cortexa53_0'.
18:48:42 INFO  : 'set bp_48_42_fsbl_bp [bpadd -addr &XFsbl_Exit]' command is executed.
18:48:59 INFO  : 'con -block -timeout 60' command is executed.
18:48:59 INFO  : 'bpremove $bp_48_42_fsbl_bp' command is executed.
18:48:59 INFO  : Context for processor 'psu_cortexa53_0' is selected.
18:48:59 INFO  : Processor reset is completed for 'psu_cortexa53_0'.
18:48:59 INFO  : The application 'E:/NekrasovVladiimir/CNN_project_start/vitis/my_project/Debug/my_project.elf' is downloaded to processor 'psu_cortexa53_0'.
18:49:00 INFO  : 'configparams force-mem-access 0' command is executed.
18:49:00 INFO  : ----------------XSDB Script----------------
connect -url tcp:127.0.0.1:3121
source E:/Xilinx/Vitis/2020.2/scripts/vitis/util/zynqmp_utils.tcl
targets -set -nocase -filter {name =~"APU*"}
rst -system
after 3000
targets -set -filter {jtag_cable_name =~ "Digilent JTAG-HS1 210512180081" && level==0 && jtag_device_ctx=="jsn-JTAG-HS1-210512180081-14711093-0"}
fpga -file E:/NekrasovVladiimir/CNN_project_start/vitis/my_project/_ide/bitstream/Top_YOLOv3_Tiny_Project.bit
targets -set -nocase -filter {name =~"APU*"}
loadhw -hw E:/NekrasovVladiimir/CNN_project_start/vitis/Top_YOLOv3_Tiny_Project/export/Top_YOLOv3_Tiny_Project/hw/top.xsa -mem-ranges [list {0x80000000 0xbfffffff} {0x400000000 0x5ffffffff} {0x1000000000 0x7fffffffff}] -regs
configparams force-mem-access 1
targets -set -nocase -filter {name =~"APU*"}
set mode [expr [mrd -value 0xFF5E0200] & 0xf]
targets -set -nocase -filter {name =~ "*A53*#0"}
rst -processor
dow E:/NekrasovVladiimir/CNN_project_start/vitis/Top_YOLOv3_Tiny_Project/export/Top_YOLOv3_Tiny_Project/sw/Top_YOLOv3_Tiny_Project/boot/fsbl.elf
set bp_48_42_fsbl_bp [bpadd -addr &XFsbl_Exit]
con -block -timeout 60
bpremove $bp_48_42_fsbl_bp
targets -set -nocase -filter {name =~ "*A53*#0"}
rst -processor
dow E:/NekrasovVladiimir/CNN_project_start/vitis/my_project/Debug/my_project.elf
configparams force-mem-access 0
----------------End of Script----------------

18:49:00 INFO  : Context for processor 'psu_cortexa53_0' is selected.
18:49:00 INFO  : 'con' command is executed.
18:49:00 INFO  : ----------------XSDB Script (After Launch)----------------
targets -set -nocase -filter {name =~ "*A53*#0"}
con
----------------End of Script----------------

18:49:00 INFO  : Launch script is exported to file 'E:\NekrasovVladiimir\CNN_project_start\vitis\my_project_system\_ide\scripts\debugger_my_project-default.tcl'
18:51:48 INFO  : Hardware specification for platform project 'Top_YOLOv3_Tiny_Project' is updated.
18:51:58 INFO  : Result from executing command 'getProjects': Top_YOLOv3_Tiny_Project
18:51:58 INFO  : Result from executing command 'getPlatforms': Top_YOLOv3_Tiny_Project|E:/NekrasovVladiimir/CNN_project_start/vitis/Top_YOLOv3_Tiny_Project/export/Top_YOLOv3_Tiny_Project/Top_YOLOv3_Tiny_Project.xpfm
18:52:17 INFO  : Disconnected from the channel tcfchan#7.
18:52:18 INFO  : The hardware specfication used by project 'my_project' is out of sync with the platform. Resource files extracted from the hardware specfiication will be updated.
18:52:18 INFO  : The file 'E:\NekrasovVladiimir\CNN_project_start\vitis\my_project\_ide\bitstream\Top_YOLOv3_Tiny_Project.bit' stored in project is removed.
18:52:18 INFO  : The updated bitstream files are copied from platform to folder 'E:\NekrasovVladiimir\CNN_project_start\vitis\my_project\_ide\bitstream' in project 'my_project'.
18:52:18 INFO  : The file 'E:\NekrasovVladiimir\CNN_project_start\vitis\my_project\_ide\psinit\psu_init.tcl' stored in project is removed.
18:52:20 INFO  : The updated ps init files are copied from platform to folder 'E:\NekrasovVladiimir\CNN_project_start\vitis\my_project\_ide\psinit' in project 'my_project'.
18:52:22 INFO  : Connected to target on host '127.0.0.1' and port '3121'.
18:52:22 INFO  : Jtag cable 'Digilent JTAG-HS1 210512180081' is selected.
18:52:23 INFO  : 'jtag frequency' command is executed.
18:52:23 INFO  : Sourcing of 'E:/Xilinx/Vitis/2020.2/scripts/vitis/util/zynqmp_utils.tcl' is done.
18:52:23 INFO  : Context for 'APU' is selected.
18:52:23 INFO  : System reset is completed.
18:52:26 INFO  : 'after 3000' command is executed.
18:52:27 INFO  : 'targets -set -filter {jtag_cable_name =~ "Digilent JTAG-HS1 210512180081" && level==0 && jtag_device_ctx=="jsn-JTAG-HS1-210512180081-14711093-0"}' command is executed.
18:52:28 INFO  : Device configured successfully with "E:/NekrasovVladiimir/CNN_project_start/vitis/my_project/_ide/bitstream/Top_YOLOv3_Tiny_Project.bit"
18:52:28 INFO  : Context for 'APU' is selected.
18:52:29 INFO  : Hardware design and registers information is loaded from 'E:/NekrasovVladiimir/CNN_project_start/vitis/Top_YOLOv3_Tiny_Project/export/Top_YOLOv3_Tiny_Project/hw/Top_YOLOv3_Tiny_Project.xsa'.
18:52:29 INFO  : 'configparams force-mem-access 1' command is executed.
18:52:29 INFO  : Context for 'APU' is selected.
18:52:29 INFO  : Boot mode is read from the target.
18:52:29 INFO  : Context for processor 'psu_cortexa53_0' is selected.
18:52:29 INFO  : Processor reset is completed for 'psu_cortexa53_0'.
18:52:30 INFO  : The application 'E:/NekrasovVladiimir/CNN_project_start/vitis/Top_YOLOv3_Tiny_Project/export/Top_YOLOv3_Tiny_Project/sw/Top_YOLOv3_Tiny_Project/boot/fsbl.elf' is downloaded to processor 'psu_cortexa53_0'.
18:52:30 INFO  : 'set bp_52_30_fsbl_bp [bpadd -addr &XFsbl_Exit]' command is executed.
18:52:48 INFO  : 'con -block -timeout 60' command is executed.
18:52:48 INFO  : 'bpremove $bp_52_30_fsbl_bp' command is executed.
18:52:48 INFO  : Context for processor 'psu_cortexa53_0' is selected.
18:52:48 INFO  : Processor reset is completed for 'psu_cortexa53_0'.
18:52:49 INFO  : The application 'E:/NekrasovVladiimir/CNN_project_start/vitis/my_project/Debug/my_project.elf' is downloaded to processor 'psu_cortexa53_0'.
18:52:49 INFO  : 'configparams force-mem-access 0' command is executed.
18:52:49 INFO  : ----------------XSDB Script----------------
connect -url tcp:127.0.0.1:3121
source E:/Xilinx/Vitis/2020.2/scripts/vitis/util/zynqmp_utils.tcl
targets -set -nocase -filter {name =~"APU*"}
rst -system
after 3000
targets -set -filter {jtag_cable_name =~ "Digilent JTAG-HS1 210512180081" && level==0 && jtag_device_ctx=="jsn-JTAG-HS1-210512180081-14711093-0"}
fpga -file E:/NekrasovVladiimir/CNN_project_start/vitis/my_project/_ide/bitstream/Top_YOLOv3_Tiny_Project.bit
targets -set -nocase -filter {name =~"APU*"}
loadhw -hw E:/NekrasovVladiimir/CNN_project_start/vitis/Top_YOLOv3_Tiny_Project/export/Top_YOLOv3_Tiny_Project/hw/Top_YOLOv3_Tiny_Project.xsa -mem-ranges [list {0x80000000 0xbfffffff} {0x400000000 0x5ffffffff} {0x1000000000 0x7fffffffff}] -regs
configparams force-mem-access 1
targets -set -nocase -filter {name =~"APU*"}
set mode [expr [mrd -value 0xFF5E0200] & 0xf]
targets -set -nocase -filter {name =~ "*A53*#0"}
rst -processor
dow E:/NekrasovVladiimir/CNN_project_start/vitis/Top_YOLOv3_Tiny_Project/export/Top_YOLOv3_Tiny_Project/sw/Top_YOLOv3_Tiny_Project/boot/fsbl.elf
set bp_52_30_fsbl_bp [bpadd -addr &XFsbl_Exit]
con -block -timeout 60
bpremove $bp_52_30_fsbl_bp
targets -set -nocase -filter {name =~ "*A53*#0"}
rst -processor
dow E:/NekrasovVladiimir/CNN_project_start/vitis/my_project/Debug/my_project.elf
configparams force-mem-access 0
----------------End of Script----------------

18:52:49 INFO  : Context for processor 'psu_cortexa53_0' is selected.
18:52:50 INFO  : 'con' command is executed.
18:52:50 INFO  : ----------------XSDB Script (After Launch)----------------
targets -set -nocase -filter {name =~ "*A53*#0"}
con
----------------End of Script----------------

18:52:50 INFO  : Launch script is exported to file 'E:\NekrasovVladiimir\CNN_project_start\vitis\my_project_system\_ide\scripts\debugger_my_project-default.tcl'
20:16:50 INFO  : Hardware specification for platform project 'Top_YOLOv3_Tiny_Project' is updated.
20:17:48 INFO  : Hardware specification for platform project 'Top_YOLOv3_Tiny_Project' is updated.
20:17:59 INFO  : Result from executing command 'getProjects': Top_YOLOv3_Tiny_Project
20:17:59 INFO  : Result from executing command 'getPlatforms': Top_YOLOv3_Tiny_Project|E:/NekrasovVladiimir/CNN_project_start/vitis/Top_YOLOv3_Tiny_Project/export/Top_YOLOv3_Tiny_Project/Top_YOLOv3_Tiny_Project.xpfm
20:18:38 INFO  : Disconnected from the channel tcfchan#9.
20:18:39 INFO  : The hardware specfication used by project 'my_project' is out of sync with the platform. Resource files extracted from the hardware specfiication will be updated.
20:18:39 INFO  : The file 'E:\NekrasovVladiimir\CNN_project_start\vitis\my_project\_ide\bitstream\Top_YOLOv3_Tiny_Project.bit' stored in project is removed.
20:18:39 INFO  : The updated bitstream files are copied from platform to folder 'E:\NekrasovVladiimir\CNN_project_start\vitis\my_project\_ide\bitstream' in project 'my_project'.
20:18:39 INFO  : The file 'E:\NekrasovVladiimir\CNN_project_start\vitis\my_project\_ide\psinit\psu_init.tcl' stored in project is removed.
20:18:41 INFO  : The updated ps init files are copied from platform to folder 'E:\NekrasovVladiimir\CNN_project_start\vitis\my_project\_ide\psinit' in project 'my_project'.
20:18:43 INFO  : Connected to target on host '127.0.0.1' and port '3121'.
20:18:44 INFO  : Jtag cable 'Digilent JTAG-HS1 210512180081' is selected.
20:18:44 INFO  : 'jtag frequency' command is executed.
20:18:44 INFO  : Sourcing of 'E:/Xilinx/Vitis/2020.2/scripts/vitis/util/zynqmp_utils.tcl' is done.
20:18:44 INFO  : Context for 'APU' is selected.
20:18:45 INFO  : System reset is completed.
20:18:48 INFO  : 'after 3000' command is executed.
20:18:48 INFO  : 'targets -set -filter {jtag_cable_name =~ "Digilent JTAG-HS1 210512180081" && level==0 && jtag_device_ctx=="jsn-JTAG-HS1-210512180081-14711093-0"}' command is executed.
20:18:49 INFO  : Device configured successfully with "E:/NekrasovVladiimir/CNN_project_start/vitis/my_project/_ide/bitstream/Top_YOLOv3_Tiny_Project.bit"
20:18:50 INFO  : Context for 'APU' is selected.
20:18:50 INFO  : Hardware design and registers information is loaded from 'E:/NekrasovVladiimir/CNN_project_start/vitis/Top_YOLOv3_Tiny_Project/export/Top_YOLOv3_Tiny_Project/hw/Top_YOLOv3_Tiny_Project.xsa'.
20:18:50 INFO  : 'configparams force-mem-access 1' command is executed.
20:18:50 INFO  : Context for 'APU' is selected.
20:18:50 INFO  : Boot mode is read from the target.
20:18:50 INFO  : Context for processor 'psu_cortexa53_0' is selected.
20:18:50 INFO  : Processor reset is completed for 'psu_cortexa53_0'.
20:18:51 INFO  : The application 'E:/NekrasovVladiimir/CNN_project_start/vitis/Top_YOLOv3_Tiny_Project/export/Top_YOLOv3_Tiny_Project/sw/Top_YOLOv3_Tiny_Project/boot/fsbl.elf' is downloaded to processor 'psu_cortexa53_0'.
20:18:51 INFO  : 'set bp_18_51_fsbl_bp [bpadd -addr &XFsbl_Exit]' command is executed.
20:19:09 INFO  : 'con -block -timeout 60' command is executed.
20:19:09 INFO  : 'bpremove $bp_18_51_fsbl_bp' command is executed.
20:19:09 INFO  : Context for processor 'psu_cortexa53_0' is selected.
20:19:09 INFO  : Processor reset is completed for 'psu_cortexa53_0'.
20:19:10 INFO  : The application 'E:/NekrasovVladiimir/CNN_project_start/vitis/my_project/Debug/my_project.elf' is downloaded to processor 'psu_cortexa53_0'.
20:19:10 INFO  : 'configparams force-mem-access 0' command is executed.
20:19:10 INFO  : ----------------XSDB Script----------------
connect -url tcp:127.0.0.1:3121
source E:/Xilinx/Vitis/2020.2/scripts/vitis/util/zynqmp_utils.tcl
targets -set -nocase -filter {name =~"APU*"}
rst -system
after 3000
targets -set -filter {jtag_cable_name =~ "Digilent JTAG-HS1 210512180081" && level==0 && jtag_device_ctx=="jsn-JTAG-HS1-210512180081-14711093-0"}
fpga -file E:/NekrasovVladiimir/CNN_project_start/vitis/my_project/_ide/bitstream/Top_YOLOv3_Tiny_Project.bit
targets -set -nocase -filter {name =~"APU*"}
loadhw -hw E:/NekrasovVladiimir/CNN_project_start/vitis/Top_YOLOv3_Tiny_Project/export/Top_YOLOv3_Tiny_Project/hw/Top_YOLOv3_Tiny_Project.xsa -mem-ranges [list {0x80000000 0xbfffffff} {0x400000000 0x5ffffffff} {0x1000000000 0x7fffffffff}] -regs
configparams force-mem-access 1
targets -set -nocase -filter {name =~"APU*"}
set mode [expr [mrd -value 0xFF5E0200] & 0xf]
targets -set -nocase -filter {name =~ "*A53*#0"}
rst -processor
dow E:/NekrasovVladiimir/CNN_project_start/vitis/Top_YOLOv3_Tiny_Project/export/Top_YOLOv3_Tiny_Project/sw/Top_YOLOv3_Tiny_Project/boot/fsbl.elf
set bp_18_51_fsbl_bp [bpadd -addr &XFsbl_Exit]
con -block -timeout 60
bpremove $bp_18_51_fsbl_bp
targets -set -nocase -filter {name =~ "*A53*#0"}
rst -processor
dow E:/NekrasovVladiimir/CNN_project_start/vitis/my_project/Debug/my_project.elf
configparams force-mem-access 0
----------------End of Script----------------

20:19:10 INFO  : Context for processor 'psu_cortexa53_0' is selected.
20:19:10 INFO  : 'con' command is executed.
20:19:10 INFO  : ----------------XSDB Script (After Launch)----------------
targets -set -nocase -filter {name =~ "*A53*#0"}
con
----------------End of Script----------------

20:19:10 INFO  : Launch script is exported to file 'E:\NekrasovVladiimir\CNN_project_start\vitis\my_project_system\_ide\scripts\debugger_my_project-default.tcl'
20:19:59 INFO  : Disconnected from the channel tcfchan#11.
20:20:00 INFO  : Connected to target on host '127.0.0.1' and port '3121'.
20:20:00 INFO  : Jtag cable 'Digilent JTAG-HS1 210512180081' is selected.
20:20:00 INFO  : 'jtag frequency' command is executed.
20:20:00 INFO  : Sourcing of 'E:/Xilinx/Vitis/2020.2/scripts/vitis/util/zynqmp_utils.tcl' is done.
20:20:00 INFO  : Context for 'APU' is selected.
20:20:01 INFO  : System reset is completed.
20:20:04 INFO  : 'after 3000' command is executed.
20:20:04 INFO  : 'targets -set -filter {jtag_cable_name =~ "Digilent JTAG-HS1 210512180081" && level==0 && jtag_device_ctx=="jsn-JTAG-HS1-210512180081-14711093-0"}' command is executed.
20:20:06 INFO  : Device configured successfully with "E:/NekrasovVladiimir/CNN_project_start/vitis/my_project/_ide/bitstream/Top_YOLOv3_Tiny_Project.bit"
20:20:06 INFO  : Context for 'APU' is selected.
20:20:06 INFO  : Hardware design and registers information is loaded from 'E:/NekrasovVladiimir/CNN_project_start/vitis/Top_YOLOv3_Tiny_Project/export/Top_YOLOv3_Tiny_Project/hw/Top_YOLOv3_Tiny_Project.xsa'.
20:20:06 INFO  : 'configparams force-mem-access 1' command is executed.
20:20:06 INFO  : Context for 'APU' is selected.
20:20:06 INFO  : Boot mode is read from the target.
20:20:06 INFO  : Context for processor 'psu_cortexa53_0' is selected.
20:20:06 INFO  : Processor reset is completed for 'psu_cortexa53_0'.
20:20:07 INFO  : The application 'E:/NekrasovVladiimir/CNN_project_start/vitis/Top_YOLOv3_Tiny_Project/export/Top_YOLOv3_Tiny_Project/sw/Top_YOLOv3_Tiny_Project/boot/fsbl.elf' is downloaded to processor 'psu_cortexa53_0'.
20:20:07 INFO  : 'set bp_20_7_fsbl_bp [bpadd -addr &XFsbl_Exit]' command is executed.
20:20:25 INFO  : 'con -block -timeout 60' command is executed.
20:20:25 INFO  : 'bpremove $bp_20_7_fsbl_bp' command is executed.
20:20:25 INFO  : Context for processor 'psu_cortexa53_0' is selected.
20:20:25 INFO  : Processor reset is completed for 'psu_cortexa53_0'.
20:20:26 INFO  : The application 'E:/NekrasovVladiimir/CNN_project_start/vitis/my_project/Debug/my_project.elf' is downloaded to processor 'psu_cortexa53_0'.
20:20:26 INFO  : 'configparams force-mem-access 0' command is executed.
20:20:26 INFO  : ----------------XSDB Script----------------
connect -url tcp:127.0.0.1:3121
source E:/Xilinx/Vitis/2020.2/scripts/vitis/util/zynqmp_utils.tcl
targets -set -nocase -filter {name =~"APU*"}
rst -system
after 3000
targets -set -filter {jtag_cable_name =~ "Digilent JTAG-HS1 210512180081" && level==0 && jtag_device_ctx=="jsn-JTAG-HS1-210512180081-14711093-0"}
fpga -file E:/NekrasovVladiimir/CNN_project_start/vitis/my_project/_ide/bitstream/Top_YOLOv3_Tiny_Project.bit
targets -set -nocase -filter {name =~"APU*"}
loadhw -hw E:/NekrasovVladiimir/CNN_project_start/vitis/Top_YOLOv3_Tiny_Project/export/Top_YOLOv3_Tiny_Project/hw/Top_YOLOv3_Tiny_Project.xsa -mem-ranges [list {0x80000000 0xbfffffff} {0x400000000 0x5ffffffff} {0x1000000000 0x7fffffffff}] -regs
configparams force-mem-access 1
targets -set -nocase -filter {name =~"APU*"}
set mode [expr [mrd -value 0xFF5E0200] & 0xf]
targets -set -nocase -filter {name =~ "*A53*#0"}
rst -processor
dow E:/NekrasovVladiimir/CNN_project_start/vitis/Top_YOLOv3_Tiny_Project/export/Top_YOLOv3_Tiny_Project/sw/Top_YOLOv3_Tiny_Project/boot/fsbl.elf
set bp_20_7_fsbl_bp [bpadd -addr &XFsbl_Exit]
con -block -timeout 60
bpremove $bp_20_7_fsbl_bp
targets -set -nocase -filter {name =~ "*A53*#0"}
rst -processor
dow E:/NekrasovVladiimir/CNN_project_start/vitis/my_project/Debug/my_project.elf
configparams force-mem-access 0
----------------End of Script----------------

20:20:26 INFO  : Context for processor 'psu_cortexa53_0' is selected.
20:20:26 INFO  : 'con' command is executed.
20:20:26 INFO  : ----------------XSDB Script (After Launch)----------------
targets -set -nocase -filter {name =~ "*A53*#0"}
con
----------------End of Script----------------

20:20:26 INFO  : Launch script is exported to file 'E:\NekrasovVladiimir\CNN_project_start\vitis\my_project_system\_ide\scripts\debugger_my_project-default.tcl'
20:26:12 INFO  : Disconnected from the channel tcfchan#12.
20:37:30 INFO  : Launching XSCT server: xsct.bat -n  -interactive E:\NekrasovVladiimir\CNN_project_start\vitis\temp_xsdb_launch_script.tcl
20:37:33 INFO  : XSCT server has started successfully.
20:37:33 INFO  : plnx-install-location is set to ''
20:37:33 INFO  : Successfully done setting XSCT server connection channel  
20:37:33 INFO  : Successfully done setting workspace for the tool. 
20:37:43 INFO  : Platform repository initialization has completed.
20:37:43 INFO  : Registering command handlers for Vitis TCF services
20:37:48 INFO  : Successfully done query RDI_DATADIR 
20:39:08 INFO  : Hardware specification for platform project 'Top_YOLOv3_Tiny_Project' is updated.
20:39:42 INFO  : Result from executing command 'getProjects': Top_YOLOv3_Tiny_Project
20:39:42 INFO  : Result from executing command 'getPlatforms': Top_YOLOv3_Tiny_Project|E:/NekrasovVladiimir/CNN_project_start/vitis/Top_YOLOv3_Tiny_Project/export/Top_YOLOv3_Tiny_Project/Top_YOLOv3_Tiny_Project.xpfm
20:40:00 INFO  : The hardware specfication used by project 'my_project' is out of sync with the platform. Resource files extracted from the hardware specfiication will be updated.
20:40:00 INFO  : The file 'E:\NekrasovVladiimir\CNN_project_start\vitis\my_project\_ide\bitstream\Top_YOLOv3_Tiny_Project.bit' stored in project is removed.
20:40:00 INFO  : The updated bitstream files are copied from platform to folder 'E:\NekrasovVladiimir\CNN_project_start\vitis\my_project\_ide\bitstream' in project 'my_project'.
20:40:00 INFO  : The file 'E:\NekrasovVladiimir\CNN_project_start\vitis\my_project\_ide\psinit\psu_init.tcl' stored in project is removed.
20:40:03 INFO  : The updated ps init files are copied from platform to folder 'E:\NekrasovVladiimir\CNN_project_start\vitis\my_project\_ide\psinit' in project 'my_project'.
20:40:06 INFO  : Connected to target on host '127.0.0.1' and port '3121'.
20:40:07 INFO  : Jtag cable 'Digilent JTAG-HS1 210512180081' is selected.
20:40:07 INFO  : 'jtag frequency' command is executed.
20:40:07 INFO  : Sourcing of 'E:/Xilinx/Vitis/2020.2/scripts/vitis/util/zynqmp_utils.tcl' is done.
20:40:07 INFO  : Context for 'APU' is selected.
20:40:07 INFO  : System reset is completed.
20:40:10 INFO  : 'after 3000' command is executed.
20:40:11 INFO  : 'targets -set -filter {jtag_cable_name =~ "Digilent JTAG-HS1 210512180081" && level==0 && jtag_device_ctx=="jsn-JTAG-HS1-210512180081-14711093-0"}' command is executed.
20:40:13 INFO  : Device configured successfully with "E:/NekrasovVladiimir/CNN_project_start/vitis/my_project/_ide/bitstream/Top_YOLOv3_Tiny_Project.bit"
20:40:13 INFO  : Context for 'APU' is selected.
20:40:13 INFO  : Hardware design and registers information is loaded from 'E:/NekrasovVladiimir/CNN_project_start/vitis/Top_YOLOv3_Tiny_Project/export/Top_YOLOv3_Tiny_Project/hw/Top_YOLOv3_Tiny_Project.xsa'.
20:40:13 INFO  : 'configparams force-mem-access 1' command is executed.
20:40:13 INFO  : Context for 'APU' is selected.
20:40:13 INFO  : Boot mode is read from the target.
20:40:13 INFO  : Context for processor 'psu_cortexa53_0' is selected.
20:40:13 INFO  : Processor reset is completed for 'psu_cortexa53_0'.
20:40:14 INFO  : The application 'E:/NekrasovVladiimir/CNN_project_start/vitis/Top_YOLOv3_Tiny_Project/export/Top_YOLOv3_Tiny_Project/sw/Top_YOLOv3_Tiny_Project/boot/fsbl.elf' is downloaded to processor 'psu_cortexa53_0'.
20:40:14 INFO  : 'set bp_40_14_fsbl_bp [bpadd -addr &XFsbl_Exit]' command is executed.
20:40:32 INFO  : 'con -block -timeout 60' command is executed.
20:40:32 INFO  : 'bpremove $bp_40_14_fsbl_bp' command is executed.
20:40:32 INFO  : Context for processor 'psu_cortexa53_0' is selected.
20:40:32 INFO  : Processor reset is completed for 'psu_cortexa53_0'.
20:40:33 INFO  : The application 'E:/NekrasovVladiimir/CNN_project_start/vitis/my_project/Debug/my_project.elf' is downloaded to processor 'psu_cortexa53_0'.
20:40:33 INFO  : 'configparams force-mem-access 0' command is executed.
20:40:33 INFO  : ----------------XSDB Script----------------
connect -url tcp:127.0.0.1:3121
source E:/Xilinx/Vitis/2020.2/scripts/vitis/util/zynqmp_utils.tcl
targets -set -nocase -filter {name =~"APU*"}
rst -system
after 3000
targets -set -filter {jtag_cable_name =~ "Digilent JTAG-HS1 210512180081" && level==0 && jtag_device_ctx=="jsn-JTAG-HS1-210512180081-14711093-0"}
fpga -file E:/NekrasovVladiimir/CNN_project_start/vitis/my_project/_ide/bitstream/Top_YOLOv3_Tiny_Project.bit
targets -set -nocase -filter {name =~"APU*"}
loadhw -hw E:/NekrasovVladiimir/CNN_project_start/vitis/Top_YOLOv3_Tiny_Project/export/Top_YOLOv3_Tiny_Project/hw/Top_YOLOv3_Tiny_Project.xsa -mem-ranges [list {0x80000000 0xbfffffff} {0x400000000 0x5ffffffff} {0x1000000000 0x7fffffffff}] -regs
configparams force-mem-access 1
targets -set -nocase -filter {name =~"APU*"}
set mode [expr [mrd -value 0xFF5E0200] & 0xf]
targets -set -nocase -filter {name =~ "*A53*#0"}
rst -processor
dow E:/NekrasovVladiimir/CNN_project_start/vitis/Top_YOLOv3_Tiny_Project/export/Top_YOLOv3_Tiny_Project/sw/Top_YOLOv3_Tiny_Project/boot/fsbl.elf
set bp_40_14_fsbl_bp [bpadd -addr &XFsbl_Exit]
con -block -timeout 60
bpremove $bp_40_14_fsbl_bp
targets -set -nocase -filter {name =~ "*A53*#0"}
rst -processor
dow E:/NekrasovVladiimir/CNN_project_start/vitis/my_project/Debug/my_project.elf
configparams force-mem-access 0
----------------End of Script----------------

20:40:33 INFO  : Context for processor 'psu_cortexa53_0' is selected.
20:40:33 INFO  : 'con' command is executed.
20:40:33 INFO  : ----------------XSDB Script (After Launch)----------------
targets -set -nocase -filter {name =~ "*A53*#0"}
con
----------------End of Script----------------

20:40:33 INFO  : Launch script is exported to file 'E:\NekrasovVladiimir\CNN_project_start\vitis\my_project_system\_ide\scripts\debugger_my_project-default.tcl'
21:01:00 INFO  : Disconnected from the channel tcfchan#2.
12:13:48 INFO  : Launching XSCT server: xsct.bat -n  -interactive E:\NekrasovVladiimir\CNN_project_start\vitis\temp_xsdb_launch_script.tcl
12:13:53 INFO  : XSCT server has started successfully.
12:13:53 INFO  : Successfully done setting XSCT server connection channel  
12:13:53 INFO  : plnx-install-location is set to ''
12:13:53 INFO  : Successfully done setting workspace for the tool. 
12:14:02 INFO  : Platform repository initialization has completed.
12:14:03 INFO  : Registering command handlers for Vitis TCF services
12:14:23 INFO  : Successfully done query RDI_DATADIR 
12:16:35 INFO  : Hardware specification for platform project 'Top_YOLOv3_Tiny_Project' is updated.
12:16:49 INFO  : Result from executing command 'getProjects': Top_YOLOv3_Tiny_Project
12:16:49 INFO  : Result from executing command 'getPlatforms': Top_YOLOv3_Tiny_Project|E:/NekrasovVladiimir/CNN_project_start/vitis/Top_YOLOv3_Tiny_Project/export/Top_YOLOv3_Tiny_Project/Top_YOLOv3_Tiny_Project.xpfm
12:17:50 INFO  : The hardware specfication used by project 'my_project' is out of sync with the platform. Resource files extracted from the hardware specfiication will be updated.
12:17:50 INFO  : The file 'E:\NekrasovVladiimir\CNN_project_start\vitis\my_project\_ide\bitstream\Top_YOLOv3_Tiny_Project.bit' stored in project is removed.
12:17:50 INFO  : The updated bitstream files are copied from platform to folder 'E:\NekrasovVladiimir\CNN_project_start\vitis\my_project\_ide\bitstream' in project 'my_project'.
12:17:50 INFO  : The file 'E:\NekrasovVladiimir\CNN_project_start\vitis\my_project\_ide\psinit\psu_init.tcl' stored in project is removed.
12:17:53 INFO  : The updated ps init files are copied from platform to folder 'E:\NekrasovVladiimir\CNN_project_start\vitis\my_project\_ide\psinit' in project 'my_project'.
12:17:55 INFO  : Connected to target on host '127.0.0.1' and port '3121'.
12:17:56 INFO  : Jtag cable 'Digilent JTAG-HS1 210512180081' is selected.
12:17:56 INFO  : 'jtag frequency' command is executed.
12:17:56 INFO  : Sourcing of 'E:/Xilinx/Vitis/2020.2/scripts/vitis/util/zynqmp_utils.tcl' is done.
12:17:56 INFO  : Context for 'APU' is selected.
12:17:57 INFO  : System reset is completed.
12:18:00 INFO  : 'after 3000' command is executed.
12:18:00 INFO  : 'targets -set -filter {jtag_cable_name =~ "Digilent JTAG-HS1 210512180081" && level==0 && jtag_device_ctx=="jsn-JTAG-HS1-210512180081-14711093-0"}' command is executed.
12:18:02 INFO  : Device configured successfully with "E:/NekrasovVladiimir/CNN_project_start/vitis/my_project/_ide/bitstream/Top_YOLOv3_Tiny_Project.bit"
12:18:02 INFO  : Context for 'APU' is selected.
12:18:03 INFO  : Hardware design and registers information is loaded from 'E:/NekrasovVladiimir/CNN_project_start/vitis/Top_YOLOv3_Tiny_Project/export/Top_YOLOv3_Tiny_Project/hw/Top_YOLOv3_Tiny_Project.xsa'.
12:18:03 INFO  : 'configparams force-mem-access 1' command is executed.
12:18:03 INFO  : Context for 'APU' is selected.
12:18:03 INFO  : Boot mode is read from the target.
12:18:03 INFO  : Context for processor 'psu_cortexa53_0' is selected.
12:18:03 INFO  : Processor reset is completed for 'psu_cortexa53_0'.
12:18:04 INFO  : The application 'E:/NekrasovVladiimir/CNN_project_start/vitis/Top_YOLOv3_Tiny_Project/export/Top_YOLOv3_Tiny_Project/sw/Top_YOLOv3_Tiny_Project/boot/fsbl.elf' is downloaded to processor 'psu_cortexa53_0'.
12:18:04 INFO  : 'set bp_18_4_fsbl_bp [bpadd -addr &XFsbl_Exit]' command is executed.
12:18:21 INFO  : 'con -block -timeout 60' command is executed.
12:18:21 INFO  : 'bpremove $bp_18_4_fsbl_bp' command is executed.
12:18:21 INFO  : Context for processor 'psu_cortexa53_0' is selected.
12:18:21 INFO  : Processor reset is completed for 'psu_cortexa53_0'.
12:18:22 INFO  : The application 'E:/NekrasovVladiimir/CNN_project_start/vitis/my_project/Debug/my_project.elf' is downloaded to processor 'psu_cortexa53_0'.
12:18:22 INFO  : 'configparams force-mem-access 0' command is executed.
12:18:22 INFO  : ----------------XSDB Script----------------
connect -url tcp:127.0.0.1:3121
source E:/Xilinx/Vitis/2020.2/scripts/vitis/util/zynqmp_utils.tcl
targets -set -nocase -filter {name =~"APU*"}
rst -system
after 3000
targets -set -filter {jtag_cable_name =~ "Digilent JTAG-HS1 210512180081" && level==0 && jtag_device_ctx=="jsn-JTAG-HS1-210512180081-14711093-0"}
fpga -file E:/NekrasovVladiimir/CNN_project_start/vitis/my_project/_ide/bitstream/Top_YOLOv3_Tiny_Project.bit
targets -set -nocase -filter {name =~"APU*"}
loadhw -hw E:/NekrasovVladiimir/CNN_project_start/vitis/Top_YOLOv3_Tiny_Project/export/Top_YOLOv3_Tiny_Project/hw/Top_YOLOv3_Tiny_Project.xsa -mem-ranges [list {0x80000000 0xbfffffff} {0x400000000 0x5ffffffff} {0x1000000000 0x7fffffffff}] -regs
configparams force-mem-access 1
targets -set -nocase -filter {name =~"APU*"}
set mode [expr [mrd -value 0xFF5E0200] & 0xf]
targets -set -nocase -filter {name =~ "*A53*#0"}
rst -processor
dow E:/NekrasovVladiimir/CNN_project_start/vitis/Top_YOLOv3_Tiny_Project/export/Top_YOLOv3_Tiny_Project/sw/Top_YOLOv3_Tiny_Project/boot/fsbl.elf
set bp_18_4_fsbl_bp [bpadd -addr &XFsbl_Exit]
con -block -timeout 60
bpremove $bp_18_4_fsbl_bp
targets -set -nocase -filter {name =~ "*A53*#0"}
rst -processor
dow E:/NekrasovVladiimir/CNN_project_start/vitis/my_project/Debug/my_project.elf
configparams force-mem-access 0
----------------End of Script----------------

12:18:22 INFO  : Context for processor 'psu_cortexa53_0' is selected.
12:18:22 INFO  : 'con' command is executed.
12:18:22 INFO  : ----------------XSDB Script (After Launch)----------------
targets -set -nocase -filter {name =~ "*A53*#0"}
con
----------------End of Script----------------

12:18:22 INFO  : Launch script is exported to file 'E:\NekrasovVladiimir\CNN_project_start\vitis\my_project_system\_ide\scripts\debugger_my_project-default.tcl'
12:27:44 INFO  : Hardware specification for platform project 'Top_YOLOv3_Tiny_Project' is updated.
12:27:53 INFO  : Result from executing command 'getProjects': Top_YOLOv3_Tiny_Project
12:27:53 INFO  : Result from executing command 'getPlatforms': Top_YOLOv3_Tiny_Project|E:/NekrasovVladiimir/CNN_project_start/vitis/Top_YOLOv3_Tiny_Project/export/Top_YOLOv3_Tiny_Project/Top_YOLOv3_Tiny_Project.xpfm
12:28:16 INFO  : Disconnected from the channel tcfchan#2.
12:28:17 INFO  : The hardware specfication used by project 'my_project' is out of sync with the platform. Resource files extracted from the hardware specfiication will be updated.
12:28:17 INFO  : The file 'E:\NekrasovVladiimir\CNN_project_start\vitis\my_project\_ide\bitstream\Top_YOLOv3_Tiny_Project.bit' stored in project is removed.
12:28:17 INFO  : The updated bitstream files are copied from platform to folder 'E:\NekrasovVladiimir\CNN_project_start\vitis\my_project\_ide\bitstream' in project 'my_project'.
12:28:17 INFO  : The file 'E:\NekrasovVladiimir\CNN_project_start\vitis\my_project\_ide\psinit\psu_init.tcl' stored in project is removed.
12:28:19 INFO  : The updated ps init files are copied from platform to folder 'E:\NekrasovVladiimir\CNN_project_start\vitis\my_project\_ide\psinit' in project 'my_project'.
12:28:20 INFO  : Connected to target on host '127.0.0.1' and port '3121'.
12:28:21 INFO  : Jtag cable 'Digilent JTAG-HS1 210512180081' is selected.
12:28:21 INFO  : 'jtag frequency' command is executed.
12:28:21 INFO  : Sourcing of 'E:/Xilinx/Vitis/2020.2/scripts/vitis/util/zynqmp_utils.tcl' is done.
12:28:21 INFO  : Context for 'APU' is selected.
12:28:22 INFO  : System reset is completed.
12:28:25 INFO  : 'after 3000' command is executed.
12:28:25 INFO  : 'targets -set -filter {jtag_cable_name =~ "Digilent JTAG-HS1 210512180081" && level==0 && jtag_device_ctx=="jsn-JTAG-HS1-210512180081-14711093-0"}' command is executed.
12:28:27 INFO  : Device configured successfully with "E:/NekrasovVladiimir/CNN_project_start/vitis/my_project/_ide/bitstream/Top_YOLOv3_Tiny_Project.bit"
12:28:27 INFO  : Context for 'APU' is selected.
12:28:27 INFO  : Hardware design and registers information is loaded from 'E:/NekrasovVladiimir/CNN_project_start/vitis/Top_YOLOv3_Tiny_Project/export/Top_YOLOv3_Tiny_Project/hw/Top_YOLOv3_Tiny_Project.xsa'.
12:28:27 INFO  : 'configparams force-mem-access 1' command is executed.
12:28:27 INFO  : Context for 'APU' is selected.
12:28:27 INFO  : Boot mode is read from the target.
12:28:27 INFO  : Context for processor 'psu_cortexa53_0' is selected.
12:28:27 INFO  : Processor reset is completed for 'psu_cortexa53_0'.
12:28:28 INFO  : The application 'E:/NekrasovVladiimir/CNN_project_start/vitis/Top_YOLOv3_Tiny_Project/export/Top_YOLOv3_Tiny_Project/sw/Top_YOLOv3_Tiny_Project/boot/fsbl.elf' is downloaded to processor 'psu_cortexa53_0'.
12:28:28 INFO  : 'set bp_28_28_fsbl_bp [bpadd -addr &XFsbl_Exit]' command is executed.
12:28:47 INFO  : 'con -block -timeout 60' command is executed.
12:28:47 INFO  : 'bpremove $bp_28_28_fsbl_bp' command is executed.
12:28:47 INFO  : Context for processor 'psu_cortexa53_0' is selected.
12:28:47 INFO  : Processor reset is completed for 'psu_cortexa53_0'.
12:28:47 INFO  : The application 'E:/NekrasovVladiimir/CNN_project_start/vitis/my_project/Debug/my_project.elf' is downloaded to processor 'psu_cortexa53_0'.
12:28:47 INFO  : 'configparams force-mem-access 0' command is executed.
12:28:47 INFO  : ----------------XSDB Script----------------
connect -url tcp:127.0.0.1:3121
source E:/Xilinx/Vitis/2020.2/scripts/vitis/util/zynqmp_utils.tcl
targets -set -nocase -filter {name =~"APU*"}
rst -system
after 3000
targets -set -filter {jtag_cable_name =~ "Digilent JTAG-HS1 210512180081" && level==0 && jtag_device_ctx=="jsn-JTAG-HS1-210512180081-14711093-0"}
fpga -file E:/NekrasovVladiimir/CNN_project_start/vitis/my_project/_ide/bitstream/Top_YOLOv3_Tiny_Project.bit
targets -set -nocase -filter {name =~"APU*"}
loadhw -hw E:/NekrasovVladiimir/CNN_project_start/vitis/Top_YOLOv3_Tiny_Project/export/Top_YOLOv3_Tiny_Project/hw/Top_YOLOv3_Tiny_Project.xsa -mem-ranges [list {0x80000000 0xbfffffff} {0x400000000 0x5ffffffff} {0x1000000000 0x7fffffffff}] -regs
configparams force-mem-access 1
targets -set -nocase -filter {name =~"APU*"}
set mode [expr [mrd -value 0xFF5E0200] & 0xf]
targets -set -nocase -filter {name =~ "*A53*#0"}
rst -processor
dow E:/NekrasovVladiimir/CNN_project_start/vitis/Top_YOLOv3_Tiny_Project/export/Top_YOLOv3_Tiny_Project/sw/Top_YOLOv3_Tiny_Project/boot/fsbl.elf
set bp_28_28_fsbl_bp [bpadd -addr &XFsbl_Exit]
con -block -timeout 60
bpremove $bp_28_28_fsbl_bp
targets -set -nocase -filter {name =~ "*A53*#0"}
rst -processor
dow E:/NekrasovVladiimir/CNN_project_start/vitis/my_project/Debug/my_project.elf
configparams force-mem-access 0
----------------End of Script----------------

12:28:47 INFO  : Context for processor 'psu_cortexa53_0' is selected.
12:28:47 INFO  : 'con' command is executed.
12:28:47 INFO  : ----------------XSDB Script (After Launch)----------------
targets -set -nocase -filter {name =~ "*A53*#0"}
con
----------------End of Script----------------

12:28:47 INFO  : Launch script is exported to file 'E:\NekrasovVladiimir\CNN_project_start\vitis\my_project_system\_ide\scripts\debugger_my_project-default.tcl'
14:40:55 INFO  : Disconnected from the channel tcfchan#4.
14:47:39 INFO  : Launching XSCT server: xsct.bat -n  -interactive E:\NekrasovVladiimir\CNN_project_start\vitis\temp_xsdb_launch_script.tcl
14:47:47 INFO  : XSCT server has started successfully.
14:47:47 INFO  : plnx-install-location is set to ''
14:47:51 INFO  : Platform repository initialization has completed.
14:47:53 INFO  : Registering command handlers for Vitis TCF services
14:48:04 INFO  : Successfully done setting XSCT server connection channel  
14:48:04 INFO  : Successfully done query RDI_DATADIR 
14:48:04 INFO  : Successfully done setting workspace for the tool. 
