Copyright 1986-2020 Xilinx, Inc. All Rights Reserved.
------------------------------------------------------------------------------------------------------------------------------------------------------------
| Tool Version : Vivado v.2020.2 (win64) Build 3064766 Wed Nov 18 09:12:45 MST 2020
| Date         : Thu Jun 15 12:56:13 2023
| Host         : 007-03 running 64-bit major release  (build 9200)
| Command      : report_drc -file Top_YOLOv3_Tiny_Project_drc_opted.rpt -pb Top_YOLOv3_Tiny_Project_drc_opted.pb -rpx Top_YOLOv3_Tiny_Project_drc_opted.rpx
| Design       : Top_YOLOv3_Tiny_Project
| Device       : xczu2cg-sfvc784-1-e
| Speed File   : -1
| Design State : Synthesized
------------------------------------------------------------------------------------------------------------------------------------------------------------

Report DRC

Table of Contents
-----------------
1. REPORT SUMMARY
2. REPORT DETAILS

1. REPORT SUMMARY
-----------------
            Netlist: netlist
          Floorplan: design_1
      Design limits: <entire design considered>
           Ruledeck: default
             Max violations: <unlimited>
             Violations found: 0
+------+----------+-------------+------------+
| Rule | Severity | Description | Violations |
+------+----------+-------------+------------+
+------+----------+-------------+------------+

2. REPORT DETAILS
-----------------

