Copyright 1986-2020 Xilinx, Inc. All Rights Reserved.
-------------------------------------------------------------------------------------------------------------------------------------------
| Tool Version : Vivado v.2020.2 (win64) Build 3064766 Wed Nov 18 09:12:45 MST 2020
| Date         : Thu Jun 15 12:57:24 2023
| Host         : 007-03 running 64-bit major release  (build 9200)
| Command      : report_utilization -file Top_YOLOv3_Tiny_Project_utilization_placed.rpt -pb Top_YOLOv3_Tiny_Project_utilization_placed.pb
| Design       : Top_YOLOv3_Tiny_Project
| Device       : xczu2cgsfvc784-1
| Design State : Fully Placed
-------------------------------------------------------------------------------------------------------------------------------------------

Utilization Design Information

Table of Contents
-----------------
1. CLB Logic
1.1 Summary of Registers by Type
2. CLB Logic Distribution
3. BLOCKRAM
4. ARITHMETIC
5. I/O
6. CLOCK
7. ADVANCED
8. CONFIGURATION
9. Primitives
10. Black Boxes
11. Instantiated Netlists

1. CLB Logic
------------

+----------------------------+------+-------+-----------+-------+
|          Site Type         | Used | Fixed | Available | Util% |
+----------------------------+------+-------+-----------+-------+
| CLB LUTs                   | 6091 |     0 |     47232 | 12.90 |
|   LUT as Logic             | 4335 |     0 |     47232 |  9.18 |
|   LUT as Memory            | 1756 |     0 |     28800 |  6.10 |
|     LUT as Distributed RAM |  160 |     0 |           |       |
|     LUT as Shift Register  | 1596 |     0 |           |       |
| CLB Registers              | 7123 |     0 |     94464 |  7.54 |
|   Register as Flip Flop    | 7123 |     0 |     94464 |  7.54 |
|   Register as Latch        |    0 |     0 |     94464 |  0.00 |
| CARRY8                     |  275 |     0 |      8820 |  3.12 |
| F7 Muxes                   |  190 |     0 |     35280 |  0.54 |
| F8 Muxes                   |   50 |     0 |     17640 |  0.28 |
| F9 Muxes                   |    0 |     0 |      8820 |  0.00 |
+----------------------------+------+-------+-----------+-------+


1.1 Summary of Registers by Type
--------------------------------

+-------+--------------+-------------+--------------+
| Total | Clock Enable | Synchronous | Asynchronous |
+-------+--------------+-------------+--------------+
| 0     |            _ |           - |            - |
| 0     |            _ |           - |          Set |
| 0     |            _ |           - |        Reset |
| 0     |            _ |         Set |            - |
| 0     |            _ |       Reset |            - |
| 0     |          Yes |           - |            - |
| 41    |          Yes |           - |          Set |
| 366   |          Yes |           - |        Reset |
| 27    |          Yes |         Set |            - |
| 6689  |          Yes |       Reset |            - |
+-------+--------------+-------------+--------------+


2. CLB Logic Distribution
-------------------------

+--------------------------------------------+------+-------+-----------+-------+
|                  Site Type                 | Used | Fixed | Available | Util% |
+--------------------------------------------+------+-------+-----------+-------+
| CLB                                        | 1386 |     0 |      8820 | 15.71 |
|   CLBL                                     |  876 |     0 |           |       |
|   CLBM                                     |  510 |     0 |           |       |
| LUT as Logic                               | 4335 |     0 |     47232 |  9.18 |
|   using O5 output only                     |  139 |       |           |       |
|   using O6 output only                     | 3516 |       |           |       |
|   using O5 and O6                          |  680 |       |           |       |
| LUT as Memory                              | 1756 |     0 |     28800 |  6.10 |
|   LUT as Distributed RAM                   |  160 |     0 |           |       |
|     using O5 output only                   |    0 |       |           |       |
|     using O6 output only                   |  128 |       |           |       |
|     using O5 and O6                        |   32 |       |           |       |
|   LUT as Shift Register                    | 1596 |     0 |           |       |
|     using O5 output only                   |    0 |       |           |       |
|     using O6 output only                   |  118 |       |           |       |
|     using O5 and O6                        | 1478 |       |           |       |
| CLB Registers                              | 7123 |     0 |     94464 |  7.54 |
|   Register driven from within the CLB      | 3765 |       |           |       |
|   Register driven from outside the CLB     | 3358 |       |           |       |
|     LUT in front of the register is unused | 2497 |       |           |       |
|     LUT in front of the register is used   |  861 |       |           |       |
| Unique Control Sets                        |  324 |       |     17640 |  1.84 |
+--------------------------------------------+------+-------+-----------+-------+
* * Note: Available Control Sets calculated as Slices * 2, Review the Control Sets Report for more information regarding control sets.


3. BLOCKRAM
-----------

+-------------------+------+-------+-----------+-------+
|     Site Type     | Used | Fixed | Available | Util% |
+-------------------+------+-------+-----------+-------+
| Block RAM Tile    |    5 |     0 |       150 |  3.33 |
|   RAMB36/FIFO*    |    5 |     0 |       150 |  3.33 |
|     RAMB36E2 only |    5 |       |           |       |
|   RAMB18          |    0 |     0 |       300 |  0.00 |
+-------------------+------+-------+-----------+-------+
* Note: Each Block RAM Tile only has one FIFO logic available and therefore can accommodate only one FIFO36E2 or one FIFO18E2. However, if a FIFO18E2 occupies a Block RAM Tile, that tile can still accommodate a RAMB18E2


4. ARITHMETIC
-------------

+-----------+------+-------+-----------+-------+
| Site Type | Used | Fixed | Available | Util% |
+-----------+------+-------+-----------+-------+
| DSPs      |    0 |     0 |       240 |  0.00 |
+-----------+------+-------+-----------+-------+


5. I/O
------

+------------------+------+-------+-----------+-------+
|     Site Type    | Used | Fixed | Available | Util% |
+------------------+------+-------+-----------+-------+
| Bonded IOB       |    5 |     5 |       252 |  1.98 |
| HPIOB_M          |    0 |     0 |        72 |  0.00 |
| HPIOB_S          |    0 |     0 |        72 |  0.00 |
| HDIOB_M          |    2 |     2 |        48 |  4.17 |
|   INPUT          |    1 |       |           |       |
|   OUTPUT         |    1 |       |           |       |
|   BIDIR          |    0 |       |           |       |
| HDIOB_S          |    3 |     3 |        48 |  6.25 |
|   INPUT          |    0 |       |           |       |
|   OUTPUT         |    3 |       |           |       |
|   BIDIR          |    0 |       |           |       |
| HPIOB_SNGL       |    0 |     0 |        12 |  0.00 |
| HPIOBDIFFINBUF   |    0 |     0 |        72 |  0.00 |
| HPIOBDIFFOUTBUF  |    0 |     0 |        72 |  0.00 |
| HDIOBDIFFINBUF   |    0 |     0 |        48 |  0.00 |
| BITSLICE_CONTROL |    0 |     0 |        24 |  0.00 |
| BITSLICE_RX_TX   |    0 |     0 |       156 |  0.00 |
| BITSLICE_TX      |    0 |     0 |        24 |  0.00 |
| RIU_OR           |    0 |     0 |        12 |  0.00 |
+------------------+------+-------+-----------+-------+


6. CLOCK
--------

+----------------------+------+-------+-----------+-------+
|       Site Type      | Used | Fixed | Available | Util% |
+----------------------+------+-------+-----------+-------+
| GLOBAL CLOCK BUFFERs |    2 |     0 |       196 |  1.02 |
|   BUFGCE             |    1 |     0 |        88 |  1.14 |
|   BUFGCE_DIV         |    0 |     0 |        12 |  0.00 |
|   BUFG_PS            |    1 |     0 |        72 |  1.39 |
|   BUFGCTRL*          |    0 |     0 |        24 |  0.00 |
| PLL                  |    0 |     0 |         6 |  0.00 |
| MMCM                 |    0 |     0 |         3 |  0.00 |
+----------------------+------+-------+-----------+-------+
* Note: Each used BUFGCTRL counts as two GLOBAL CLOCK BUFFERs. This table does not include global clocking resources, only buffer cell usage. See the Clock Utilization Report (report_clock_utilization) for detailed accounting of global clocking resource availability.


7. ADVANCED
-----------

+-----------+------+-------+-----------+--------+
| Site Type | Used | Fixed | Available |  Util% |
+-----------+------+-------+-----------+--------+
| PS8       |    1 |     0 |         1 | 100.00 |
| SYSMONE4  |    0 |     0 |         1 |   0.00 |
+-----------+------+-------+-----------+--------+


8. CONFIGURATION
----------------

+-------------+------+-------+-----------+-------+
|  Site Type  | Used | Fixed | Available | Util% |
+-------------+------+-------+-----------+-------+
| BSCANE2     |    1 |     0 |         4 | 25.00 |
| DNA_PORTE2  |    0 |     0 |         1 |  0.00 |
| EFUSE_USR   |    0 |     0 |         1 |  0.00 |
| FRAME_ECCE4 |    0 |     0 |         1 |  0.00 |
| ICAPE3      |    0 |     0 |         2 |  0.00 |
| MASTER_JTAG |    0 |     0 |         1 |  0.00 |
| STARTUPE3   |    0 |     0 |         1 |  0.00 |
+-------------+------+-------+-----------+-------+


9. Primitives
-------------

+----------+------+---------------------+
| Ref Name | Used | Functional Category |
+----------+------+---------------------+
| FDRE     | 6689 |            Register |
| LUT6     | 2469 |                 CLB |
| SRL16E   | 1571 |                 CLB |
| SRLC32E  | 1501 |                 CLB |
| LUT4     | 1004 |                 CLB |
| LUT3     |  493 |                 CLB |
| LUT5     |  467 |                 CLB |
| FDCE     |  366 |            Register |
| LUT1     |  326 |                 CLB |
| CARRY8   |  275 |                 CLB |
| LUT2     |  256 |                 CLB |
| MUXF7    |  190 |                 CLB |
| RAMD64E  |  128 |                 CLB |
| RAMD32   |   56 |                 CLB |
| MUXF8    |   50 |                 CLB |
| FDPE     |   41 |            Register |
| FDSE     |   27 |            Register |
| RAMS32   |    8 |                 CLB |
| RAMB36E2 |    5 |            BLOCKRAM |
| OBUFT    |    4 |                 I/O |
| SRLC16E  |    2 |                 CLB |
| PS8      |    1 |            Advanced |
| INBUF    |    1 |                 I/O |
| IBUFCTRL |    1 |              Others |
| BUFG_PS  |    1 |               Clock |
| BUFGCE   |    1 |               Clock |
| BSCANE2  |    1 |       Configuration |
+----------+------+---------------------+


10. Black Boxes
---------------

+----------+------+
| Ref Name | Used |
+----------+------+


11. Instantiated Netlists
-------------------------

+------------------------------+------+
|           Ref Name           | Used |
+------------------------------+------+
| u_ila_0                      |    1 |
| design_1_zynq_ultra_ps_e_0_1 |    1 |
| design_1_proc_sys_reset_0_0  |    1 |
| dbg_hub                      |    1 |
+------------------------------+------+


