#-----------------------------------------------------------
# Vivado v2020.2 (64-bit)
# SW Build 3064766 on Wed Nov 18 09:12:45 MST 2020
# IP Build 3064653 on Wed Nov 18 14:17:31 MST 2020
# Start of session at: Tue Jun 13 13:24:02 2023
# Process ID: 14716
# Current directory: E:/NekrasovVladiimir/Training/17_dma_loopback/vivado
# Command line: vivado.exe -gui_launcher_event rodinguilauncherevent2640 E:\NekrasovVladiimir\Training\17_dma_loopback\vivado\dma_loopback.xpr
# Log file: E:/NekrasovVladiimir/Training/17_dma_loopback/vivado/vivado.log
# Journal file: E:/NekrasovVladiimir/Training/17_dma_loopback/vivado\vivado.jou
#-----------------------------------------------------------
start_gui
open_project E:/NekrasovVladiimir/Training/17_dma_loopback/vivado/dma_loopback.xpr
Scanning sources...
Finished scanning sources
INFO: [IP_Flow 19-234] Refreshing IP repositories
INFO: [IP_Flow 19-1704] No user IP repositories specified
INFO: [IP_Flow 19-2313] Loaded Vivado IP repository 'E:/Xilinx/Vivado/2020.2/data/ip'.
open_project: Time (s): cpu = 00:00:32 ; elapsed = 00:00:34 . Memory (MB): peak = 1173.980 ; gain = 17.996
update_compile_order -fileset sources_1
exit
INFO: [Common 17-206] Exiting Vivado at Tue Jun 13 13:45:35 2023...
