#-----------------------------------------------------------
# Vivado v2020.2 (64-bit)
# SW Build 3064766 on Wed Nov 18 09:12:45 MST 2020
# IP Build 3064653 on Wed Nov 18 14:17:31 MST 2020
# Start of session at: Wed Jun  7 13:34:19 2023
# Process ID: 9192
# Current directory: E:/NekrasovVladiimir/Training/17_dma_loopback/vivado
# Command line: vivado.exe -gui_launcher_event rodinguilauncherevent10728 E:\NekrasovVladiimir\Training\17_dma_loopback\vivado\dma_loopback.xpr
# Log file: E:/NekrasovVladiimir/Training/17_dma_loopback/vivado/vivado.log
# Journal file: E:/NekrasovVladiimir/Training/17_dma_loopback/vivado\vivado.jou
#-----------------------------------------------------------
start_gui
open_project E:/NekrasovVladiimir/Training/17_dma_loopback/vivado/dma_loopback.xpr
Scanning sources...
Finished scanning sources
INFO: [IP_Flow 19-234] Refreshing IP repositories
INFO: [IP_Flow 19-1704] No user IP repositories specified
INFO: [IP_Flow 19-2313] Loaded Vivado IP repository 'E:/Xilinx/Vivado/2020.2/data/ip'.
open_project: Time (s): cpu = 00:00:36 ; elapsed = 00:00:39 . Memory (MB): peak = 1204.414 ; gain = 42.414
update_compile_order -fileset sources_1
open_hw_manager
connect_hw_server -allow_non_jtag
INFO: [Labtools 27-2285] Connecting to hw_server url TCP:localhost:3121
INFO: [Labtools 27-3415] Connecting to cs_server url TCP:localhost:3042
INFO: [Labtools 27-3417] Launching cs_server...
INFO: [Labtools 27-2221] Launch Output:


******** Xilinx cs_server v2020.2
  ****** Build date   : Nov 04 2020-00:02:56
    **** Build number : 2020.2.1604437376
      ** Copyright 2017-2020 Xilinx, Inc. All Rights Reserved.



connect_hw_server: Time (s): cpu = 00:00:02 ; elapsed = 00:00:10 . Memory (MB): peak = 1262.145 ; gain = 19.223
open_hw_target
INFO: [Labtoolstcl 44-466] Opening hw_target localhost:3121/xilinx_tcf/Digilent/210512180081
open_hw_target: Time (s): cpu = 00:00:06 ; elapsed = 00:00:09 . Memory (MB): peak = 2813.531 ; gain = 1551.387
set_property PROGRAM.FILE {E:/NekrasovVladiimir/Training/17_dma_loopback/vivado/dma_loopback.runs/impl_1/design_1_wrapper.bit} [get_hw_devices xczu2_0]
set_property PROBES.FILE {E:/NekrasovVladiimir/Training/17_dma_loopback/vivado/dma_loopback.runs/impl_1/design_1_wrapper.ltx} [get_hw_devices xczu2_0]
set_property FULL_PROBES.FILE {E:/NekrasovVladiimir/Training/17_dma_loopback/vivado/dma_loopback.runs/impl_1/design_1_wrapper.ltx} [get_hw_devices xczu2_0]
current_hw_device [get_hw_devices xczu2_0]
refresh_hw_device [lindex [get_hw_devices xczu2_0] 0]
INFO: [Labtools 27-2302] Device xczu2 (JTAG device index = 0) is programmed with a design that has 1 ILA core(s).
refresh_hw_device: Time (s): cpu = 00:00:10 ; elapsed = 00:00:06 . Memory (MB): peak = 2876.992 ; gain = 59.105
display_hw_ila_data [ get_hw_ila_data hw_ila_data_1 -of_objects [get_hw_ilas -of_objects [get_hw_devices xczu2_0] -filter {CELL_NAME=~"design_1_i/system_ila_0/inst/ila_lib"}]]
Processed interface axi_dma_0_M_AXI_S2MM_ila1_slot0
Processed interface axi_dma_0_M_AXIS_MM2S_ila1_slot1
Processed interface axis_data_fifo_0_M_AXIS_ila1_slot2
current_hw_device [get_hw_devices arm_dap_1]
refresh_hw_device -update_hw_probes false [lindex [get_hw_devices arm_dap_1] 0]
current_hw_device [get_hw_devices xczu2_0]
ERROR: [Labtoolstcl 44-513] HW Target shutdown. Closing target: localhost:3121/xilinx_tcf/Digilent/210512180081
INFO: [Labtoolstcl 44-466] Opening hw_target localhost:3121/xilinx_tcf/Digilent/210512180081
INFO: [Labtools 27-1435] Device xczu2 (JTAG device index = 0) is not programmed (DONE status = 0).
WARNING: [Labtoolstcl 44-129] No matching hw_ila_data was found.
WARNING: [Labtoolstcl 44-129] No matching hw_ila_data was found.
refresh_hw_device [lindex [get_hw_devices xczu2_0] 0]
INFO: [Labtools 27-2302] Device xczu2 (JTAG device index = 0) is programmed with a design that has 1 ILA core(s).
display_hw_ila_data [ get_hw_ila_data hw_ila_data_1 -of_objects [get_hw_ilas -of_objects [get_hw_devices xczu2_0] -filter {CELL_NAME=~"design_1_i/system_ila_0/inst/ila_lib"}]]
Processed interface axi_dma_0_M_AXI_S2MM_ila1_slot0
Processed interface axi_dma_0_M_AXIS_MM2S_ila1_slot1
Processed interface axis_data_fifo_0_M_AXIS_ila1_slot2
ERROR: [Labtoolstcl 44-513] HW Target shutdown. Closing target: localhost:3121/xilinx_tcf/Digilent/210512180081
INFO: [Labtoolstcl 44-466] Opening hw_target localhost:3121/xilinx_tcf/Digilent/210512180081
INFO: [Labtools 27-1435] Device xczu2 (JTAG device index = 0) is not programmed (DONE status = 0).
WARNING: [Labtoolstcl 44-129] No matching hw_ila_data was found.
WARNING: [Labtoolstcl 44-129] No matching hw_ila_data was found.
refresh_hw_device [lindex [get_hw_devices xczu2_0] 0]
INFO: [Labtools 27-2302] Device xczu2 (JTAG device index = 0) is programmed with a design that has 1 ILA core(s).
display_hw_ila_data [ get_hw_ila_data hw_ila_data_1 -of_objects [get_hw_ilas -of_objects [get_hw_devices xczu2_0] -filter {CELL_NAME=~"design_1_i/system_ila_0/inst/ila_lib"}]]
Processed interface axi_dma_0_M_AXI_S2MM_ila1_slot0
Processed interface axi_dma_0_M_AXIS_MM2S_ila1_slot1
Processed interface axis_data_fifo_0_M_AXIS_ila1_slot2
run_hw_ila [get_hw_ilas -of_objects [get_hw_devices xczu2_0] -filter {CELL_NAME=~"design_1_i/system_ila_0/inst/ila_lib"}]
INFO: [Labtools 27-1964] The ILA core 'hw_ila_1' trigger was armed at 2023-Jun-07 14:02:09
wait_on_hw_ila [get_hw_ilas -of_objects [get_hw_devices xczu2_0] -filter {CELL_NAME=~"design_1_i/system_ila_0/inst/ila_lib"}]
display_hw_ila_data [upload_hw_ila_data [get_hw_ilas -of_objects [get_hw_devices xczu2_0] -filter {CELL_NAME=~"design_1_i/system_ila_0/inst/ila_lib"}]]
INFO: [Labtools 27-1966] The ILA core 'hw_ila_1' triggered at 2023-Jun-07 14:02:22
Processed interface axi_dma_0_M_AXI_S2MM_ila1_slot0
Processed interface axi_dma_0_M_AXIS_MM2S_ila1_slot1
Processed interface axis_data_fifo_0_M_AXIS_ila1_slot2
INFO: [Labtools 27-3304] ILA Waveform data saved to file E:/NekrasovVladiimir/Training/17_dma_loopback/vivado/dma_loopback.hw/backup/hw_ila_data_1.ila. Use Tcl command 'read_hw_ila_data' or Vivado File->Import->Import ILA Data menu item to import the previously saved data.
open_bd_design {E:/NekrasovVladiimir/Training/17_dma_loopback/vivado/dma_loopback.srcs/sources_1/bd/design_1/design_1.bd}
Reading block design file <E:/NekrasovVladiimir/Training/17_dma_loopback/vivado/dma_loopback.srcs/sources_1/bd/design_1/design_1.bd>...
Adding component instance block -- xilinx.com:ip:zynq_ultra_ps_e:3.3 - zynq_ultra_ps_e_0
Adding component instance block -- xilinx.com:ip:axi_dma:7.1 - axi_dma_0
Adding component instance block -- xilinx.com:ip:axis_data_fifo:2.0 - axis_data_fifo_0
Adding component instance block -- xilinx.com:ip:axi_interconnect:2.1 - ps8_0_axi_periph
Adding component instance block -- xilinx.com:ip:axi_protocol_converter:2.1 - auto_pc
Adding component instance block -- xilinx.com:ip:proc_sys_reset:5.0 - rst_ps8_0_99M
Adding component instance block -- xilinx.com:ip:smartconnect:1.0 - axi_smc
Adding component instance block -- xilinx.com:ip:xlconcat:2.1 - xlconcat_0
Adding component instance block -- xilinx.com:ip:system_ila:1.1 - system_ila_0
Excluding slave segment /zynq_ultra_ps_e_0/SAXIGP2/HP0_LPS_OCM from address space /axi_dma_0/Data_MM2S.
Excluding slave segment /zynq_ultra_ps_e_0/SAXIGP2/HP0_LPS_OCM from address space /axi_dma_0/Data_S2MM.
Successfully read diagram <design_1> from block design file <E:/NekrasovVladiimir/Training/17_dma_loopback/vivado/dma_loopback.srcs/sources_1/bd/design_1/design_1.bd>
open_bd_design: Time (s): cpu = 00:00:12 ; elapsed = 00:00:14 . Memory (MB): peak = 3004.906 ; gain = 60.016
set_property TRIGGER_COMPARE_VALUE eq1'bR [get_hw_probes design_1_i/system_ila_0/inst/net_slot_0_axi_arvalid -of_objects [get_hw_ilas -of_objects [get_hw_devices xczu2_0] -filter {CELL_NAME=~"design_1_i/system_ila_0/inst/ila_lib"}]]
set_property TRIGGER_COMPARE_VALUE eq1'bX [get_hw_probes design_1_i/system_ila_0/inst/net_slot_1_axis_tvalid -of_objects [get_hw_ilas -of_objects [get_hw_devices xczu2_0] -filter {CELL_NAME=~"design_1_i/system_ila_0/inst/ila_lib"}]]
run_hw_ila [get_hw_ilas -of_objects [get_hw_devices xczu2_0] -filter {CELL_NAME=~"design_1_i/system_ila_0/inst/ila_lib"}]
INFO: [Labtools 27-1964] The ILA core 'hw_ila_1' trigger was armed at 2023-Jun-07 14:06:26
ERROR: [Xicom 50-38] xicom: Unable to connect to debug core(s) on the target device. Check cable connectivity and that the target board is powered up then use the disconnect_hw_server and connect_hw_server to re-initialize the hardware target. Use open_hw_target to re-register the hardware device.
ERROR: [Xicom 50-38] xicom: Unable to connect to debug core(s) on the target device. Check cable connectivity and that the target board is powered up then use the disconnect_hw_server and connect_hw_server to re-initialize the hardware target. Use open_hw_target to re-register the hardware device.
ERROR: [Xicom 50-38] xicom: Unable to connect to debug core(s) on the target device. Check cable connectivity and that the target board is powered up then use the disconnect_hw_server and connect_hw_server to re-initialize the hardware target. Use open_hw_target to re-register the hardware device.
ERROR: [Xicom 50-38] xicom: Unable to connect to debug core(s) on the target device. Check cable connectivity and that the target board is powered up then use the disconnect_hw_server and connect_hw_server to re-initialize the hardware target. Use open_hw_target to re-register the hardware device.
ERROR: [Xicom 50-38] xicom: Unable to connect to debug core(s) on the target device. Check cable connectivity and that the target board is powered up then use the disconnect_hw_server and connect_hw_server to re-initialize the hardware target. Use open_hw_target to re-register the hardware device.
ERROR: [Xicom 50-38] xicom: Unable to connect to debug core(s) on the target device. Check cable connectivity and that the target board is powered up then use the disconnect_hw_server and connect_hw_server to re-initialize the hardware target. Use open_hw_target to re-register the hardware device.
ERROR: [Xicom 50-38] xicom: Unable to connect to debug core(s) on the target device. Check cable connectivity and that the target board is powered up then use the disconnect_hw_server and connect_hw_server to re-initialize the hardware target. Use open_hw_target to re-register the hardware device.
ERROR: [Xicom 50-38] xicom: Unable to connect to debug core(s) on the target device. Check cable connectivity and that the target board is powered up then use the disconnect_hw_server and connect_hw_server to re-initialize the hardware target. Use open_hw_target to re-register the hardware device.
ERROR: [Xicom 50-38] xicom: Unable to connect to debug core(s) on the target device. Check cable connectivity and that the target board is powered up then use the disconnect_hw_server and connect_hw_server to re-initialize the hardware target. Use open_hw_target to re-register the hardware device.
ERROR: [Xicom 50-38] xicom: Unable to connect to debug core(s) on the target device. Check cable connectivity and that the target board is powered up then use the disconnect_hw_server and connect_hw_server to re-initialize the hardware target. Use open_hw_target to re-register the hardware device.
ERROR: [Xicom 50-38] xicom: Unable to connect to debug core(s) on the target device. Check cable connectivity and that the target board is powered up then use the disconnect_hw_server and connect_hw_server to re-initialize the hardware target. Use open_hw_target to re-register the hardware device.
ERROR: [Xicom 50-38] xicom: Unable to connect to debug core(s) on the target device. Check cable connectivity and that the target board is powered up then use the disconnect_hw_server and connect_hw_server to re-initialize the hardware target. Use open_hw_target to re-register the hardware device.
ERROR: [Xicom 50-38] xicom: Unable to connect to debug core(s) on the target device. Check cable connectivity and that the target board is powered up then use the disconnect_hw_server and connect_hw_server to re-initialize the hardware target. Use open_hw_target to re-register the hardware device.
ERROR: [Xicom 50-38] xicom: Unable to connect to debug core(s) on the target device. Check cable connectivity and that the target board is powered up then use the disconnect_hw_server and connect_hw_server to re-initialize the hardware target. Use open_hw_target to re-register the hardware device.
ERROR: [Xicom 50-38] xicom: Unable to connect to debug core(s) on the target device. Check cable connectivity and that the target board is powered up then use the disconnect_hw_server and connect_hw_server to re-initialize the hardware target. Use open_hw_target to re-register the hardware device.
ERROR: [Xicom 50-38] xicom: Unable to connect to debug core(s) on the target device. Check cable connectivity and that the target board is powered up then use the disconnect_hw_server and connect_hw_server to re-initialize the hardware target. Use open_hw_target to re-register the hardware device.
refresh_hw_device [lindex [get_hw_devices xczu2_0] 0]
INFO: [Labtools 27-2302] Device xczu2 (JTAG device index = 0) is programmed with a design that has 1 ILA core(s).
Processing Interface axi_dma_0_M_AXI_S2MM_ila1_slot0
Processing Interface axi_dma_0_M_AXIS_MM2S_ila1_slot1
Processing Interface axis_data_fifo_0_M_AXIS_ila1_slot2
run_hw_ila [get_hw_ilas -of_objects [get_hw_devices xczu2_0] -filter {CELL_NAME=~"design_1_i/system_ila_0/inst/ila_lib"}]
INFO: [Labtools 27-1964] The ILA core 'hw_ila_1' trigger was armed at 2023-Jun-07 14:19:42
set_property TRIGGER_COMPARE_VALUE eq1'bX [get_hw_probes design_1_i/system_ila_0/inst/net_slot_0_axi_arvalid -of_objects [get_hw_ilas -of_objects [get_hw_devices xczu2_0] -filter {CELL_NAME=~"design_1_i/system_ila_0/inst/ila_lib"}]]
set_property TRIGGER_COMPARE_VALUE eq1'bR [get_hw_probes design_1_i/system_ila_0/inst/net_slot_0_axi_awvalid -of_objects [get_hw_ilas -of_objects [get_hw_devices xczu2_0] -filter {CELL_NAME=~"design_1_i/system_ila_0/inst/ila_lib"}]]
set_property TRIGGER_COMPARE_VALUE eq1'bX [get_hw_probes design_1_i/system_ila_0/inst/net_slot_0_axi_awvalid -of_objects [get_hw_ilas -of_objects [get_hw_devices xczu2_0] -filter {CELL_NAME=~"design_1_i/system_ila_0/inst/ila_lib"}]]
set_property TRIGGER_COMPARE_VALUE eq1'bR [get_hw_probes design_1_i/system_ila_0/inst/net_slot_0_axi_wvalid -of_objects [get_hw_ilas -of_objects [get_hw_devices xczu2_0] -filter {CELL_NAME=~"design_1_i/system_ila_0/inst/ila_lib"}]]
set_property TRIGGER_COMPARE_VALUE eq1'bR [get_hw_probes design_1_i/system_ila_0/inst/net_slot_2_axis_tvalid -of_objects [get_hw_ilas -of_objects [get_hw_devices xczu2_0] -filter {CELL_NAME=~"design_1_i/system_ila_0/inst/ila_lib"}]]
refresh_hw_device [lindex [get_hw_devices xczu2_0] 0]
INFO: [Labtools 27-2302] Device xczu2 (JTAG device index = 0) is programmed with a design that has 1 ILA core(s).
Processing Interface axi_dma_0_M_AXI_S2MM_ila1_slot0
Processing Interface axi_dma_0_M_AXIS_MM2S_ila1_slot1
Processing Interface axis_data_fifo_0_M_AXIS_ila1_slot2
set_property TRIGGER_COMPARE_VALUE eq1'bR [get_hw_probes design_1_i/system_ila_0/inst/net_slot_1_axis_tvalid -of_objects [get_hw_ilas -of_objects [get_hw_devices xczu2_0] -filter {CELL_NAME=~"design_1_i/system_ila_0/inst/ila_lib"}]]
wait_on_hw_ila -timeout 0 [get_hw_ilas -of_objects [get_hw_devices xczu2_0] -filter {CELL_NAME=~"design_1_i/system_ila_0/inst/ila_lib"}]
upload_hw_ila_data [get_hw_ilas -of_objects [get_hw_devices xczu2_0] -filter {CELL_NAME=~"design_1_i/system_ila_0/inst/ila_lib"}]
INFO: [Labtools 27-1965] The ILA core 'hw_ila_1' trigger was stopped by user at 2023-Jun-07 14:22:32
WARNING: [Labtools 27-157] hw_ila [hw_ila_1] stopped. No data to upload.
ERROR: [Labtoolstcl 44-513] HW Target shutdown. Closing target: localhost:3121/xilinx_tcf/Digilent/210512180081
exit
INFO: [Common 17-206] Exiting Vivado at Wed Jun  7 19:58:35 2023...
