#-----------------------------------------------------------
# Vivado v2020.2 (64-bit)
# SW Build 3064766 on Wed Nov 18 09:12:45 MST 2020
# IP Build 3064653 on Wed Nov 18 14:17:31 MST 2020
# Start of session at: Thu May 25 11:30:48 2023
# Process ID: 1712
# Current directory: E:/NekrasovVladiimir/Training/17_dma_loopback/vivado
# Command line: vivado.exe -gui_launcher_event rodinguilauncherevent10376 E:\NekrasovVladiimir\Training\17_dma_loopback\vivado\dma_loopback.xpr
# Log file: E:/NekrasovVladiimir/Training/17_dma_loopback/vivado/vivado.log
# Journal file: E:/NekrasovVladiimir/Training/17_dma_loopback/vivado\vivado.jou
#-----------------------------------------------------------
start_gui
open_project E:/NekrasovVladiimir/Training/17_dma_loopback/vivado/dma_loopback.xpr
Scanning sources...
Finished scanning sources
INFO: [IP_Flow 19-234] Refreshing IP repositories
INFO: [IP_Flow 19-1704] No user IP repositories specified
INFO: [IP_Flow 19-2313] Loaded Vivado IP repository 'E:/Xilinx/Vivado/2020.2/data/ip'.
open_project: Time (s): cpu = 00:00:35 ; elapsed = 00:00:29 . Memory (MB): peak = 1140.715 ; gain = 15.109
update_compile_order -fileset sources_1
open_hw_manager
connect_hw_server -allow_non_jtag
INFO: [Labtools 27-2285] Connecting to hw_server url TCP:localhost:3121
INFO: [Labtools 27-3415] Connecting to cs_server url TCP:localhost:3042
INFO: [Labtools 27-3417] Launching cs_server...
INFO: [Labtools 27-2221] Launch Output:


******** Xilinx cs_server v2020.2
  ****** Build date   : Nov 04 2020-00:02:56
    **** Build number : 2020.2.1604437376
      ** Copyright 2017-2020 Xilinx, Inc. All Rights Reserved.



connect_hw_server: Time (s): cpu = 00:00:02 ; elapsed = 00:00:10 . Memory (MB): peak = 1191.074 ; gain = 5.949
open_hw_target
INFO: [Labtoolstcl 44-466] Opening hw_target localhost:3121/xilinx_tcf/Digilent/210512180081
open_hw_target: Time (s): cpu = 00:00:06 ; elapsed = 00:00:11 . Memory (MB): peak = 2748.543 ; gain = 1557.469
set_property PROGRAM.FILE {E:/NekrasovVladiimir/Training/17_dma_loopback/vivado/dma_loopback.runs/impl_1/design_1_wrapper.bit} [get_hw_devices xczu2_0]
set_property PROBES.FILE {E:/NekrasovVladiimir/Training/17_dma_loopback/vivado/dma_loopback.runs/impl_1/design_1_wrapper.ltx} [get_hw_devices xczu2_0]
set_property FULL_PROBES.FILE {E:/NekrasovVladiimir/Training/17_dma_loopback/vivado/dma_loopback.runs/impl_1/design_1_wrapper.ltx} [get_hw_devices xczu2_0]
current_hw_device [get_hw_devices xczu2_0]
refresh_hw_device [lindex [get_hw_devices xczu2_0] 0]
INFO: [Labtools 27-2302] Device xczu2 (JTAG device index = 0) is programmed with a design that has 1 ILA core(s).
display_hw_ila_data [ get_hw_ila_data hw_ila_data_1 -of_objects [get_hw_ilas -of_objects [get_hw_devices xczu2_0] -filter {CELL_NAME=~"design_1_i/system_ila_0/inst/ila_lib"}]]
Processed interface axi_dma_0_M_AXI_S2MM_ila1_slot0
Processed interface axi_dma_0_M_AXIS_MM2S_ila1_slot1
Processed interface axis_data_fifo_0_M_AXIS_ila1_slot2
current_hw_device [get_hw_devices arm_dap_1]
refresh_hw_device -update_hw_probes false [lindex [get_hw_devices arm_dap_1] 0]
current_hw_device [get_hw_devices xczu2_0]
run_hw_ila [get_hw_ilas -of_objects [get_hw_devices xczu2_0] -filter {CELL_NAME=~"design_1_i/system_ila_0/inst/ila_lib"}]
INFO: [Labtools 27-1964] The ILA core 'hw_ila_1' trigger was armed at 2023-May-25 11:34:49
wait_on_hw_ila -timeout 0 [get_hw_ilas -of_objects [get_hw_devices xczu2_0] -filter {CELL_NAME=~"design_1_i/system_ila_0/inst/ila_lib"}]
upload_hw_ila_data [get_hw_ilas -of_objects [get_hw_devices xczu2_0] -filter {CELL_NAME=~"design_1_i/system_ila_0/inst/ila_lib"}]
INFO: [Labtools 27-1965] The ILA core 'hw_ila_1' trigger was stopped by user at 2023-May-25 11:34:52
WARNING: [Labtools 27-157] hw_ila [hw_ila_1] stopped. No data to upload.
run_hw_ila [get_hw_ilas -of_objects [get_hw_devices xczu2_0] -filter {CELL_NAME=~"design_1_i/system_ila_0/inst/ila_lib"}]
ERROR: [Labtools 27-1395] Unable to arm ILA 'hw_ila_1'. The core clock is slow or no core clock connected for this ILA or the ILA core may not meet timing.
refresh_hw_device [lindex [get_hw_devices xczu2_0] 0]
INFO: [Labtools 27-2302] Device xczu2 (JTAG device index = 0) is programmed with a design that has 1 ILA core(s).
Processed interface axi_dma_0_M_AXI_S2MM_ila1_slot0
Processed interface axi_dma_0_M_AXIS_MM2S_ila1_slot1
Processed interface axis_data_fifo_0_M_AXIS_ila1_slot2
refresh_hw_device: Time (s): cpu = 00:00:05 ; elapsed = 00:00:15 . Memory (MB): peak = 2825.473 ; gain = 0.348
run_hw_ila [get_hw_ilas -of_objects [get_hw_devices xczu2_0] -filter {CELL_NAME=~"design_1_i/system_ila_0/inst/ila_lib"}]
INFO: [Labtools 27-1964] The ILA core 'hw_ila_1' trigger was armed at 2023-May-25 11:36:03
ERROR: [Xicom 50-38] xicom: Unable to connect to debug core(s) on the target device. Check cable connectivity and that the target board is powered up then use the disconnect_hw_server and connect_hw_server to re-initialize the hardware target. Use open_hw_target to re-register the hardware device.
ERROR: [Labtoolstcl 44-513] HW Target shutdown. Closing target: localhost:3121/xilinx_tcf/Digilent/210512180081
INFO: [Labtoolstcl 44-466] Opening hw_target localhost:3121/xilinx_tcf/Digilent/210512180081
INFO: [Labtools 27-1435] Device xczu2 (JTAG device index = 0) is not programmed (DONE status = 0).
WARNING: [Labtoolstcl 44-129] No matching hw_ila_data was found.
WARNING: [Labtoolstcl 44-129] No matching hw_ila_data was found.
refresh_hw_device [lindex [get_hw_devices xczu2_0] 0]
WARNING: [Xicom 50-38] xicom: No CseXsdb register file specified for CseXsdb slave type: 0, cse driver version: 0. Slave initialization skipped.
INFO: [Labtools 27-1434] Device xczu2 (JTAG device index = 0) is programmed with a design that has no supported debug core(s) in it.
WARNING: [Labtools 27-3361] The debug hub core was not detected.
Resolution: 
1. Make sure the clock connected to the debug hub (dbg_hub) core is a free running clock and is active.
2. Make sure the BSCAN_SWITCH_USER_MASK device property in Vivado Hardware Manager reflects the user scan chain setting in the design and refresh the device.  To determine the user scan chain setting in the design, open the implemented design and use 'get_property C_USER_SCAN_CHAIN [get_debug_cores dbg_hub]'.
For more details on setting the scan chain property, consult the Vivado Debug and Programming User Guide (UG908).
WARNING: [Labtools 27-3413] Dropping logic core with cellname:'design_1_i/system_ila_0/inst/ila_lib' at location 'uuid_CD4C83C823A6596D99AD09BE1335C6B0' from probes file, since it cannot be found on the programmed device.
refresh_hw_device [lindex [get_hw_devices xczu2_0] 0]
INFO: [Labtools 27-2302] Device xczu2 (JTAG device index = 0) is programmed with a design that has 1 ILA core(s).
display_hw_ila_data [ get_hw_ila_data hw_ila_data_1 -of_objects [get_hw_ilas -of_objects [get_hw_devices xczu2_0] -filter {CELL_NAME=~"design_1_i/system_ila_0/inst/ila_lib"}]]
Processed interface axi_dma_0_M_AXI_S2MM_ila1_slot0
Processed interface axi_dma_0_M_AXIS_MM2S_ila1_slot1
Processed interface axis_data_fifo_0_M_AXIS_ila1_slot2
run_hw_ila [get_hw_ilas -of_objects [get_hw_devices xczu2_0] -filter {CELL_NAME=~"design_1_i/system_ila_0/inst/ila_lib"}]
INFO: [Labtools 27-1964] The ILA core 'hw_ila_1' trigger was armed at 2023-May-25 11:37:58
wait_on_hw_ila [get_hw_ilas -of_objects [get_hw_devices xczu2_0] -filter {CELL_NAME=~"design_1_i/system_ila_0/inst/ila_lib"}]
display_hw_ila_data [upload_hw_ila_data [get_hw_ilas -of_objects [get_hw_devices xczu2_0] -filter {CELL_NAME=~"design_1_i/system_ila_0/inst/ila_lib"}]]
INFO: [Labtools 27-1966] The ILA core 'hw_ila_1' triggered at 2023-May-25 11:38:16
Processed interface axi_dma_0_M_AXI_S2MM_ila1_slot0
Processed interface axi_dma_0_M_AXIS_MM2S_ila1_slot1
Processed interface axis_data_fifo_0_M_AXIS_ila1_slot2
INFO: [Labtools 27-3304] ILA Waveform data saved to file E:/NekrasovVladiimir/Training/17_dma_loopback/vivado/dma_loopback.hw/backup/hw_ila_data_1.ila. Use Tcl command 'read_hw_ila_data' or Vivado File->Import->Import ILA Data menu item to import the previously saved data.
refresh_hw_device [lindex [get_hw_devices xczu2_0] 0]
INFO: [Labtools 27-2302] Device xczu2 (JTAG device index = 0) is programmed with a design that has 1 ILA core(s).
Processing Interface axi_dma_0_M_AXI_S2MM_ila1_slot0
Processing Interface axi_dma_0_M_AXIS_MM2S_ila1_slot1
Processing Interface axis_data_fifo_0_M_AXIS_ila1_slot2
run_hw_ila [get_hw_ilas -of_objects [get_hw_devices xczu2_0] -filter {CELL_NAME=~"design_1_i/system_ila_0/inst/ila_lib"}]
INFO: [Labtools 27-1964] The ILA core 'hw_ila_1' trigger was armed at 2023-May-25 11:40:23
wait_on_hw_ila [get_hw_ilas -of_objects [get_hw_devices xczu2_0] -filter {CELL_NAME=~"design_1_i/system_ila_0/inst/ila_lib"}]
display_hw_ila_data [upload_hw_ila_data [get_hw_ilas -of_objects [get_hw_devices xczu2_0] -filter {CELL_NAME=~"design_1_i/system_ila_0/inst/ila_lib"}]]
INFO: [Labtools 27-1966] The ILA core 'hw_ila_1' triggered at 2023-May-25 11:40:29
Processed interface axi_dma_0_M_AXI_S2MM_ila1_slot0
Processed interface axi_dma_0_M_AXIS_MM2S_ila1_slot1
Processed interface axis_data_fifo_0_M_AXIS_ila1_slot2
INFO: [Labtools 27-3304] ILA Waveform data saved to file E:/NekrasovVladiimir/Training/17_dma_loopback/vivado/dma_loopback.hw/backup/hw_ila_data_1.ila. Use Tcl command 'read_hw_ila_data' or Vivado File->Import->Import ILA Data menu item to import the previously saved data.
ERROR: [Labtoolstcl 44-513] HW Target shutdown. Closing target: localhost:3121/xilinx_tcf/Digilent/210512180081
INFO: [Labtoolstcl 44-466] Opening hw_target localhost:3121/xilinx_tcf/Digilent/210512180081
INFO: [Labtools 27-1435] Device xczu2 (JTAG device index = 0) is not programmed (DONE status = 0).
WARNING: [Labtoolstcl 44-129] No matching hw_ila_data was found.
WARNING: [Labtoolstcl 44-129] No matching hw_ila_data was found.
refresh_hw_device [lindex [get_hw_devices xczu2_0] 0]
WARNING: [Xicom 50-38] xicom: No CseXsdb register file specified for CseXsdb slave type: 0, cse driver version: 0. Slave initialization skipped.
INFO: [Labtools 27-1434] Device xczu2 (JTAG device index = 0) is programmed with a design that has no supported debug core(s) in it.
WARNING: [Labtools 27-3361] The debug hub core was not detected.
Resolution: 
1. Make sure the clock connected to the debug hub (dbg_hub) core is a free running clock and is active.
2. Make sure the BSCAN_SWITCH_USER_MASK device property in Vivado Hardware Manager reflects the user scan chain setting in the design and refresh the device.  To determine the user scan chain setting in the design, open the implemented design and use 'get_property C_USER_SCAN_CHAIN [get_debug_cores dbg_hub]'.
For more details on setting the scan chain property, consult the Vivado Debug and Programming User Guide (UG908).
WARNING: [Labtools 27-3413] Dropping logic core with cellname:'design_1_i/system_ila_0/inst/ila_lib' at location 'uuid_CD4C83C823A6596D99AD09BE1335C6B0' from probes file, since it cannot be found on the programmed device.
refresh_hw_device [lindex [get_hw_devices xczu2_0] 0]
INFO: [Labtools 27-2302] Device xczu2 (JTAG device index = 0) is programmed with a design that has 1 ILA core(s).
display_hw_ila_data [ get_hw_ila_data hw_ila_data_1 -of_objects [get_hw_ilas -of_objects [get_hw_devices xczu2_0] -filter {CELL_NAME=~"design_1_i/system_ila_0/inst/ila_lib"}]]
Processed interface axi_dma_0_M_AXI_S2MM_ila1_slot0
Processed interface axi_dma_0_M_AXIS_MM2S_ila1_slot1
Processed interface axis_data_fifo_0_M_AXIS_ila1_slot2
run_hw_ila [get_hw_ilas -of_objects [get_hw_devices xczu2_0] -filter {CELL_NAME=~"design_1_i/system_ila_0/inst/ila_lib"}]
INFO: [Labtools 27-1964] The ILA core 'hw_ila_1' trigger was armed at 2023-May-25 11:47:39
wait_on_hw_ila [get_hw_ilas -of_objects [get_hw_devices xczu2_0] -filter {CELL_NAME=~"design_1_i/system_ila_0/inst/ila_lib"}]
display_hw_ila_data [upload_hw_ila_data [get_hw_ilas -of_objects [get_hw_devices xczu2_0] -filter {CELL_NAME=~"design_1_i/system_ila_0/inst/ila_lib"}]]
INFO: [Labtools 27-1966] The ILA core 'hw_ila_1' triggered at 2023-May-25 11:47:41
Processed interface axi_dma_0_M_AXI_S2MM_ila1_slot0
Processed interface axi_dma_0_M_AXIS_MM2S_ila1_slot1
Processed interface axis_data_fifo_0_M_AXIS_ila1_slot2
INFO: [Labtools 27-3304] ILA Waveform data saved to file E:/NekrasovVladiimir/Training/17_dma_loopback/vivado/dma_loopback.hw/backup/hw_ila_data_1.ila. Use Tcl command 'read_hw_ila_data' or Vivado File->Import->Import ILA Data menu item to import the previously saved data.
run_hw_ila [get_hw_ilas -of_objects [get_hw_devices xczu2_0] -filter {CELL_NAME=~"design_1_i/system_ila_0/inst/ila_lib"}]
INFO: [Labtools 27-1964] The ILA core 'hw_ila_1' trigger was armed at 2023-May-25 11:47:51
wait_on_hw_ila [get_hw_ilas -of_objects [get_hw_devices xczu2_0] -filter {CELL_NAME=~"design_1_i/system_ila_0/inst/ila_lib"}]
display_hw_ila_data [upload_hw_ila_data [get_hw_ilas -of_objects [get_hw_devices xczu2_0] -filter {CELL_NAME=~"design_1_i/system_ila_0/inst/ila_lib"}]]
INFO: [Labtools 27-1966] The ILA core 'hw_ila_1' triggered at 2023-May-25 11:47:55
Processed interface axi_dma_0_M_AXI_S2MM_ila1_slot0
Processed interface axi_dma_0_M_AXIS_MM2S_ila1_slot1
Processed interface axis_data_fifo_0_M_AXIS_ila1_slot2
INFO: [Labtools 27-3304] ILA Waveform data saved to file E:/NekrasovVladiimir/Training/17_dma_loopback/vivado/dma_loopback.hw/backup/hw_ila_data_1.ila. Use Tcl command 'read_hw_ila_data' or Vivado File->Import->Import ILA Data menu item to import the previously saved data.
run_hw_ila [get_hw_ilas -of_objects [get_hw_devices xczu2_0] -filter {CELL_NAME=~"design_1_i/system_ila_0/inst/ila_lib"}]
INFO: [Labtools 27-1964] The ILA core 'hw_ila_1' trigger was armed at 2023-May-25 11:50:59
wait_on_hw_ila [get_hw_ilas -of_objects [get_hw_devices xczu2_0] -filter {CELL_NAME=~"design_1_i/system_ila_0/inst/ila_lib"}]
display_hw_ila_data [upload_hw_ila_data [get_hw_ilas -of_objects [get_hw_devices xczu2_0] -filter {CELL_NAME=~"design_1_i/system_ila_0/inst/ila_lib"}]]
INFO: [Labtools 27-1966] The ILA core 'hw_ila_1' triggered at 2023-May-25 11:51:02
Processed interface axi_dma_0_M_AXI_S2MM_ila1_slot0
Processed interface axi_dma_0_M_AXIS_MM2S_ila1_slot1
Processed interface axis_data_fifo_0_M_AXIS_ila1_slot2
INFO: [Labtools 27-3304] ILA Waveform data saved to file E:/NekrasovVladiimir/Training/17_dma_loopback/vivado/dma_loopback.hw/backup/hw_ila_data_1.ila. Use Tcl command 'read_hw_ila_data' or Vivado File->Import->Import ILA Data menu item to import the previously saved data.
ERROR: [Labtoolstcl 44-513] HW Target shutdown. Closing target: localhost:3121/xilinx_tcf/Digilent/210512180081
INFO: [Labtoolstcl 44-466] Opening hw_target localhost:3121/xilinx_tcf/Digilent/210512180081
INFO: [Labtools 27-1435] Device xczu2 (JTAG device index = 0) is not programmed (DONE status = 0).
WARNING: [Labtoolstcl 44-129] No matching hw_ila_data was found.
WARNING: [Labtoolstcl 44-129] No matching hw_ila_data was found.
refresh_hw_device [lindex [get_hw_devices xczu2_0] 0]
WARNING: [Xicom 50-38] xicom: No CseXsdb register file specified for CseXsdb slave type: 0, cse driver version: 0. Slave initialization skipped.
INFO: [Labtools 27-1434] Device xczu2 (JTAG device index = 0) is programmed with a design that has no supported debug core(s) in it.
WARNING: [Labtools 27-3361] The debug hub core was not detected.
Resolution: 
1. Make sure the clock connected to the debug hub (dbg_hub) core is a free running clock and is active.
2. Make sure the BSCAN_SWITCH_USER_MASK device property in Vivado Hardware Manager reflects the user scan chain setting in the design and refresh the device.  To determine the user scan chain setting in the design, open the implemented design and use 'get_property C_USER_SCAN_CHAIN [get_debug_cores dbg_hub]'.
For more details on setting the scan chain property, consult the Vivado Debug and Programming User Guide (UG908).
WARNING: [Labtools 27-3413] Dropping logic core with cellname:'design_1_i/system_ila_0/inst/ila_lib' at location 'uuid_CD4C83C823A6596D99AD09BE1335C6B0' from probes file, since it cannot be found on the programmed device.
refresh_hw_device [lindex [get_hw_devices xczu2_0] 0]
INFO: [Labtools 27-2302] Device xczu2 (JTAG device index = 0) is programmed with a design that has 1 ILA core(s).
display_hw_ila_data [ get_hw_ila_data hw_ila_data_1 -of_objects [get_hw_ilas -of_objects [get_hw_devices xczu2_0] -filter {CELL_NAME=~"design_1_i/system_ila_0/inst/ila_lib"}]]
Processed interface axi_dma_0_M_AXI_S2MM_ila1_slot0
Processed interface axi_dma_0_M_AXIS_MM2S_ila1_slot1
Processed interface axis_data_fifo_0_M_AXIS_ila1_slot2
run_hw_ila [get_hw_ilas -of_objects [get_hw_devices xczu2_0] -filter {CELL_NAME=~"design_1_i/system_ila_0/inst/ila_lib"}]
INFO: [Labtools 27-1964] The ILA core 'hw_ila_1' trigger was armed at 2023-May-25 12:01:33
wait_on_hw_ila [get_hw_ilas -of_objects [get_hw_devices xczu2_0] -filter {CELL_NAME=~"design_1_i/system_ila_0/inst/ila_lib"}]
display_hw_ila_data [upload_hw_ila_data [get_hw_ilas -of_objects [get_hw_devices xczu2_0] -filter {CELL_NAME=~"design_1_i/system_ila_0/inst/ila_lib"}]]
INFO: [Labtools 27-1966] The ILA core 'hw_ila_1' triggered at 2023-May-25 12:01:46
Processed interface axi_dma_0_M_AXI_S2MM_ila1_slot0
Processed interface axi_dma_0_M_AXIS_MM2S_ila1_slot1
Processed interface axis_data_fifo_0_M_AXIS_ila1_slot2
INFO: [Labtools 27-3304] ILA Waveform data saved to file E:/NekrasovVladiimir/Training/17_dma_loopback/vivado/dma_loopback.hw/backup/hw_ila_data_1.ila. Use Tcl command 'read_hw_ila_data' or Vivado File->Import->Import ILA Data menu item to import the previously saved data.
save_wave_config {E:/NekrasovVladiimir/Training/17_dma_loopback/vivado/dma_loopback.hw/hw_1/wave/hw_ila_data_1/hw_ila_data_1.wcfg}
exit
INFO: [Common 17-206] Exiting Vivado at Thu May 25 12:03:17 2023...
