Copyright 1986-2020 Xilinx, Inc. All Rights Reserved.
-----------------------------------------------------------------------------------------------------------------------------
| Tool Version : Vivado v.2020.2 (win64) Build 3064766 Wed Nov 18 09:12:45 MST 2020
| Date         : Thu Apr 20 14:00:26 2023
| Host         : 007-03 running 64-bit major release  (build 9200)
| Command      : report_utilization -file design_1_wrapper_utilization_placed.rpt -pb design_1_wrapper_utilization_placed.pb
| Design       : design_1_wrapper
| Device       : xczu2cgsfvc784-1
| Design State : Fully Placed
-----------------------------------------------------------------------------------------------------------------------------

Utilization Design Information

Table of Contents
-----------------
1. CLB Logic
1.1 Summary of Registers by Type
2. CLB Logic Distribution
3. BLOCKRAM
4. ARITHMETIC
5. I/O
6. CLOCK
7. ADVANCED
8. CONFIGURATION
9. Primitives
10. Black Boxes
11. Instantiated Netlists

1. CLB Logic
------------

+----------------------------+-------+-------+-----------+-------+
|          Site Type         |  Used | Fixed | Available | Util% |
+----------------------------+-------+-------+-----------+-------+
| CLB LUTs                   |  6518 |     0 |     47232 | 13.80 |
|   LUT as Logic             |  5167 |     0 |     47232 | 10.94 |
|   LUT as Memory            |  1351 |     0 |     28800 |  4.69 |
|     LUT as Distributed RAM |   634 |     0 |           |       |
|     LUT as Shift Register  |   717 |     0 |           |       |
| CLB Registers              | 10908 |     0 |     94464 | 11.55 |
|   Register as Flip Flop    | 10908 |     0 |     94464 | 11.55 |
|   Register as Latch        |     0 |     0 |     94464 |  0.00 |
| CARRY8                     |    89 |     0 |      8820 |  1.01 |
| F7 Muxes                   |   113 |     0 |     35280 |  0.32 |
| F8 Muxes                   |    47 |     0 |     17640 |  0.27 |
| F9 Muxes                   |     0 |     0 |      8820 |  0.00 |
+----------------------------+-------+-------+-----------+-------+


1.1 Summary of Registers by Type
--------------------------------

+-------+--------------+-------------+--------------+
| Total | Clock Enable | Synchronous | Asynchronous |
+-------+--------------+-------------+--------------+
| 0     |            _ |           - |            - |
| 0     |            _ |           - |          Set |
| 0     |            _ |           - |        Reset |
| 0     |            _ |         Set |            - |
| 0     |            _ |       Reset |            - |
| 0     |          Yes |           - |            - |
| 41    |          Yes |           - |          Set |
| 235   |          Yes |           - |        Reset |
| 268   |          Yes |         Set |            - |
| 10364 |          Yes |       Reset |            - |
+-------+--------------+-------------+--------------+


2. CLB Logic Distribution
-------------------------

+--------------------------------------------+-------+-------+-----------+-------+
|                  Site Type                 |  Used | Fixed | Available | Util% |
+--------------------------------------------+-------+-------+-----------+-------+
| CLB                                        |  1483 |     0 |      8820 | 16.81 |
|   CLBL                                     |   947 |     0 |           |       |
|   CLBM                                     |   536 |     0 |           |       |
| LUT as Logic                               |  5167 |     0 |     47232 | 10.94 |
|   using O5 output only                     |   287 |       |           |       |
|   using O6 output only                     |  3483 |       |           |       |
|   using O5 and O6                          |  1397 |       |           |       |
| LUT as Memory                              |  1351 |     0 |     28800 |  4.69 |
|   LUT as Distributed RAM                   |   634 |     0 |           |       |
|     using O5 output only                   |     0 |       |           |       |
|     using O6 output only                   |     2 |       |           |       |
|     using O5 and O6                        |   632 |       |           |       |
|   LUT as Shift Register                    |   717 |     0 |           |       |
|     using O5 output only                   |     0 |       |           |       |
|     using O6 output only                   |   202 |       |           |       |
|     using O5 and O6                        |   515 |       |           |       |
| CLB Registers                              | 10908 |     0 |     94464 | 11.55 |
|   Register driven from within the CLB      |  5636 |       |           |       |
|   Register driven from outside the CLB     |  5272 |       |           |       |
|     LUT in front of the register is unused |  3892 |       |           |       |
|     LUT in front of the register is used   |  1380 |       |           |       |
| Unique Control Sets                        |   545 |       |     17640 |  3.09 |
+--------------------------------------------+-------+-------+-----------+-------+
* * Note: Available Control Sets calculated as Slices * 2, Review the Control Sets Report for more information regarding control sets.


3. BLOCKRAM
-----------

+-------------------+------+-------+-----------+-------+
|     Site Type     | Used | Fixed | Available | Util% |
+-------------------+------+-------+-----------+-------+
| Block RAM Tile    |   13 |     0 |       150 |  8.67 |
|   RAMB36/FIFO*    |   12 |     0 |       150 |  8.00 |
|     RAMB36E2 only |   12 |       |           |       |
|   RAMB18          |    2 |     0 |       300 |  0.67 |
|     RAMB18E2 only |    2 |       |           |       |
+-------------------+------+-------+-----------+-------+
* Note: Each Block RAM Tile only has one FIFO logic available and therefore can accommodate only one FIFO36E2 or one FIFO18E2. However, if a FIFO18E2 occupies a Block RAM Tile, that tile can still accommodate a RAMB18E2


4. ARITHMETIC
-------------

+-----------+------+-------+-----------+-------+
| Site Type | Used | Fixed | Available | Util% |
+-----------+------+-------+-----------+-------+
| DSPs      |    0 |     0 |       240 |  0.00 |
+-----------+------+-------+-----------+-------+


5. I/O
------

+------------------+------+-------+-----------+-------+
|     Site Type    | Used | Fixed | Available | Util% |
+------------------+------+-------+-----------+-------+
| Bonded IOB       |    0 |     0 |       252 |  0.00 |
| HPIOB_M          |    0 |     0 |        72 |  0.00 |
| HPIOB_S          |    0 |     0 |        72 |  0.00 |
| HDIOB_M          |    0 |     0 |        48 |  0.00 |
| HDIOB_S          |    0 |     0 |        48 |  0.00 |
| HPIOB_SNGL       |    0 |     0 |        12 |  0.00 |
| HPIOBDIFFINBUF   |    0 |     0 |        72 |  0.00 |
| HPIOBDIFFOUTBUF  |    0 |     0 |        72 |  0.00 |
| HDIOBDIFFINBUF   |    0 |     0 |        48 |  0.00 |
| BITSLICE_CONTROL |    0 |     0 |        24 |  0.00 |
| BITSLICE_RX_TX   |    0 |     0 |       156 |  0.00 |
| BITSLICE_TX      |    0 |     0 |        24 |  0.00 |
| RIU_OR           |    0 |     0 |        12 |  0.00 |
+------------------+------+-------+-----------+-------+


6. CLOCK
--------

+----------------------+------+-------+-----------+-------+
|       Site Type      | Used | Fixed | Available | Util% |
+----------------------+------+-------+-----------+-------+
| GLOBAL CLOCK BUFFERs |    2 |     0 |       196 |  1.02 |
|   BUFGCE             |    1 |     0 |        88 |  1.14 |
|   BUFGCE_DIV         |    0 |     0 |        12 |  0.00 |
|   BUFG_PS            |    1 |     0 |        72 |  1.39 |
|   BUFGCTRL*          |    0 |     0 |        24 |  0.00 |
| PLL                  |    0 |     0 |         6 |  0.00 |
| MMCM                 |    0 |     0 |         3 |  0.00 |
+----------------------+------+-------+-----------+-------+
* Note: Each used BUFGCTRL counts as two GLOBAL CLOCK BUFFERs. This table does not include global clocking resources, only buffer cell usage. See the Clock Utilization Report (report_clock_utilization) for detailed accounting of global clocking resource availability.


7. ADVANCED
-----------

+-----------+------+-------+-----------+--------+
| Site Type | Used | Fixed | Available |  Util% |
+-----------+------+-------+-----------+--------+
| PS8       |    1 |     0 |         1 | 100.00 |
| SYSMONE4  |    0 |     0 |         1 |   0.00 |
+-----------+------+-------+-----------+--------+


8. CONFIGURATION
----------------

+-------------+------+-------+-----------+-------+
|  Site Type  | Used | Fixed | Available | Util% |
+-------------+------+-------+-----------+-------+
| BSCANE2     |    1 |     0 |         4 | 25.00 |
| DNA_PORTE2  |    0 |     0 |         1 |  0.00 |
| EFUSE_USR   |    0 |     0 |         1 |  0.00 |
| FRAME_ECCE4 |    0 |     0 |         1 |  0.00 |
| ICAPE3      |    0 |     0 |         2 |  0.00 |
| MASTER_JTAG |    0 |     0 |         1 |  0.00 |
| STARTUPE3   |    0 |     0 |         1 |  0.00 |
+-------------+------+-------+-----------+-------+


9. Primitives
-------------

+----------+-------+---------------------+
| Ref Name |  Used | Functional Category |
+----------+-------+---------------------+
| FDRE     | 10364 |            Register |
| LUT6     |  2158 |                 CLB |
| LUT3     |  1641 |                 CLB |
| LUT4     |  1114 |                 CLB |
| RAMD32   |  1108 |                 CLB |
| LUT5     |   877 |                 CLB |
| SRL16E   |   835 |                 CLB |
| LUT2     |   555 |                 CLB |
| SRLC32E  |   395 |                 CLB |
| FDSE     |   268 |            Register |
| FDCE     |   235 |            Register |
| LUT1     |   219 |                 CLB |
| RAMS32   |   158 |                 CLB |
| MUXF7    |   113 |                 CLB |
| CARRY8   |    89 |                 CLB |
| MUXF8    |    47 |                 CLB |
| FDPE     |    41 |            Register |
| RAMB36E2 |    12 |            BLOCKRAM |
| SRLC16E  |     2 |                 CLB |
| RAMB18E2 |     2 |            BLOCKRAM |
| PS8      |     1 |            Advanced |
| BUFG_PS  |     1 |               Clock |
| BUFGCE   |     1 |               Clock |
| BSCANE2  |     1 |       Configuration |
+----------+-------+---------------------+


10. Black Boxes
---------------

+----------+------+
| Ref Name | Used |
+----------+------+


11. Instantiated Netlists
-------------------------

+------------------------------+------+
|           Ref Name           | Used |
+------------------------------+------+
| design_1_zynq_ultra_ps_e_0_0 |    1 |
| design_1_system_ila_0_0      |    1 |
| design_1_rst_ps8_0_99M_1     |    1 |
| design_1_axis_data_fifo_0_0  |    1 |
| design_1_axi_smc_1           |    1 |
| design_1_axi_dma_0_0         |    1 |
| design_1_auto_pc_0           |    1 |
| dbg_hub                      |    1 |
+------------------------------+------+


