#-----------------------------------------------------------
# Vivado v2020.2 (64-bit)
# SW Build 3064766 on Wed Nov 18 09:12:45 MST 2020
# IP Build 3064653 on Wed Nov 18 14:17:31 MST 2020
# Start of session at: Sun Jun 11 15:41:38 2023
# Process ID: 13204
# Current directory: E:/NekrasovVladiimir/CNN_project_start
# Command line: vivado.exe -gui_launcher_event rodinguilauncherevent11948 E:\NekrasovVladiimir\CNN_project_start\CNN_project_start.xpr
# Log file: E:/NekrasovVladiimir/CNN_project_start/vivado.log
# Journal file: E:/NekrasovVladiimir/CNN_project_start\vivado.jou
#-----------------------------------------------------------
start_gui
open_project E:/NekrasovVladiimir/CNN_project_start/CNN_project_start.xpr
Scanning sources...
Finished scanning sources
INFO: [IP_Flow 19-234] Refreshing IP repositories
INFO: [IP_Flow 19-1704] No user IP repositories specified
INFO: [IP_Flow 19-2313] Loaded Vivado IP repository 'E:/Xilinx/Vivado/2020.2/data/ip'.
open_project: Time (s): cpu = 00:00:37 ; elapsed = 00:00:53 . Memory (MB): peak = 1148.785 ; gain = 0.000
update_compile_order -fileset sources_1
exit
INFO: [Common 17-206] Exiting Vivado at Sun Jun 11 15:47:54 2023...
